Watching for file changes with StatReloader
E:\development\Django\mPdigreeTest\employeeSystem\employeeSystem\settings.py changed, reloading.
Watching for file changes with StatReloader
E:\development\Django\mPdigreeTest\employeeSystem\employeeSystem\settings.py changed, reloading.
Watching for file changes with StatReloader
E:\development\Django\mPdigreeTest\employeeSystem\employeeSystem\settings.py changed, reloading.
Watching for file changes with StatReloader
"GET / HTTP/1.1" 200 2246
E:\development\Django\mPdigreeTest\employeeSystem\employeeSystem\settings.py changed, reloading.
Watching for file changes with StatReloader
E:\development\Django\mPdigreeTest\employeeSystem\employeeSystem\settings.py changed, reloading.
Watching for file changes with StatReloader
E:\development\Django\mPdigreeTest\employeeSystem\employeeSystem\settings.py changed, reloading.
Watching for file changes with StatReloader
E:\development\Django\mPdigreeTest\employeeSystem\employeeSystem\settings.py changed, reloading.
INFO 2020-11-25 14:06:19,370 autoreload 17848 6404 Watching for file changes with StatReloader
INFO 2020-11-25 14:06:21,103 basehttp 17848 8308 "GET / HTTP/1.1" 200 2246
INFO 2020-11-25 14:20:07,595 autoreload 17848 6404 E:\development\Django\mPdigreeTest\employeeSystem\logger\views.py changed, reloading.
INFO 2020-11-25 14:20:08,103 autoreload 18184 14204 Watching for file changes with StatReloader
INFO 2020-11-25 14:20:10,267 autoreload 18184 14204 E:\development\Django\mPdigreeTest\employeeSystem\logger\views.py changed, reloading.
INFO 2020-11-25 14:20:10,775 autoreload 3840 1644 Watching for file changes with StatReloader
INFO 2020-11-25 14:20:12,936 autoreload 3840 1644 E:\development\Django\mPdigreeTest\employeeSystem\logger\views.py changed, reloading.
INFO 2020-11-25 14:20:13,416 autoreload 11712 12364 Watching for file changes with StatReloader
INFO 2020-11-25 14:20:18,613 autoreload 11712 12364 E:\development\Django\mPdigreeTest\employeeSystem\logger\views.py changed, reloading.
INFO 2020-11-25 14:20:19,134 autoreload 14372 16396 Watching for file changes with StatReloader
INFO 2020-11-25 14:20:21,315 autoreload 14372 16396 E:\development\Django\mPdigreeTest\employeeSystem\logger\views.py changed, reloading.
INFO 2020-11-25 14:20:21,809 autoreload 12404 8296 Watching for file changes with StatReloader
INFO 2020-11-25 14:20:25,264 autoreload 12404 8296 E:\development\Django\mPdigreeTest\employeeSystem\logger\views.py changed, reloading.
INFO 2020-11-25 14:20:25,842 autoreload 16724 19256 Watching for file changes with StatReloader
INFO 2020-11-25 14:20:27,285 autoreload 16724 19256 E:\development\Django\mPdigreeTest\employeeSystem\logger\views.py changed, reloading.
INFO 2020-11-25 14:20:27,802 autoreload 12892 16276 Watching for file changes with StatReloader
INFO 2020-11-25 14:20:29,234 autoreload 12892 16276 E:\development\Django\mPdigreeTest\employeeSystem\logger\views.py changed, reloading.
INFO 2020-11-25 14:20:29,739 autoreload 1556 17028 Watching for file changes with StatReloader
INFO 2020-11-25 14:20:31,169 autoreload 1556 17028 E:\development\Django\mPdigreeTest\employeeSystem\logger\views.py changed, reloading.
INFO 2020-11-25 14:20:31,729 autoreload 13076 2396 Watching for file changes with StatReloader
INFO 2020-11-25 14:20:36,253 autoreload 13076 2396 E:\development\Django\mPdigreeTest\employeeSystem\logger\views.py changed, reloading.
INFO 2020-11-25 14:20:36,767 autoreload 10968 19040 Watching for file changes with StatReloader
INFO 2020-11-25 14:20:39,238 autoreload 10968 19040 E:\development\Django\mPdigreeTest\employeeSystem\logger\views.py changed, reloading.
INFO 2020-11-25 14:20:39,742 autoreload 4984 19096 Watching for file changes with StatReloader
INFO 2020-11-25 14:20:50,368 autoreload 4984 19096 E:\development\Django\mPdigreeTest\employeeSystem\logger\views.py changed, reloading.
INFO 2020-11-25 14:20:50,944 autoreload 2680 4236 Watching for file changes with StatReloader
INFO 2020-11-25 14:20:55,472 autoreload 2680 4236 E:\development\Django\mPdigreeTest\employeeSystem\logger\views.py changed, reloading.
INFO 2020-11-25 14:20:55,976 autoreload 5144 9628 Watching for file changes with StatReloader
INFO 2020-11-25 14:20:59,449 autoreload 5144 9628 E:\development\Django\mPdigreeTest\employeeSystem\logger\views.py changed, reloading.
INFO 2020-11-25 14:21:00,019 autoreload 3532 5124 Watching for file changes with StatReloader
INFO 2020-11-25 14:24:36,049 autoreload 8200 15040 Watching for file changes with StatReloader
INFO 2020-11-25 14:24:38,775 basehttp 3532 17540 "GET / HTTP/1.1" 200 2246
INFO 2020-11-25 14:24:43,590 basehttp 3532 17540 "GET /auth/login HTTP/1.1" 200 2918
INFO 2020-11-25 14:24:43,606 basehttp 3532 17540 "GET /static/css/login.css HTTP/1.1" 304 0
INFO 2020-11-25 14:24:43,632 basehttp 3532 17540 "GET /static/images/main2.jpg HTTP/1.1" 304 0
INFO 2020-11-25 14:24:53,172 basehttp 3532 17540 "POST /auth/login HTTP/1.1" 200 3012
INFO 2020-11-25 14:25:00,370 basehttp 3532 17540 "POST /auth/login HTTP/1.1" 200 3012
INFO 2020-11-25 14:25:07,874 basehttp 3532 17540 "POST /auth/login HTTP/1.1" 200 3012
INFO 2020-11-25 14:25:18,661 basehttp 3532 17540 "POST /auth/login HTTP/1.1" 302 0
INFO 2020-11-25 14:25:18,681 basehttp 3532 17540 "GET /auth/congrats HTTP/1.1" 200 3728
INFO 2020-11-25 14:25:18,697 basehttp 3532 17540 "GET /static/images/winner.png HTTP/1.1" 304 0
INFO 2020-11-25 14:25:21,848 basehttp 3532 17540 "GET / HTTP/1.1" 200 4541
INFO 2020-11-25 14:25:21,864 basehttp 3532 17540 "GET /static/css/home.css HTTP/1.1" 304 0
ERROR 2020-11-25 14:25:23,722 log 3532 17540 Internal Server Error: /logs
Traceback (most recent call last):
  File "E:\development\Django\mPdigreeTest\venv\lib\site-packages\django\template\smartif.py", line 175, in translate_token
    op = OPERATORS[token]
KeyError: '==[]'

During handling of the above exception, another exception occurred:

Traceback (most recent call last):
  File "E:\development\Django\mPdigreeTest\venv\lib\site-packages\django\core\handlers\exception.py", line 47, in inner
    response = get_response(request)
  File "E:\development\Django\mPdigreeTest\venv\lib\site-packages\django\core\handlers\base.py", line 179, in _get_response
    response = wrapped_callback(request, *callback_args, **callback_kwargs)
  File "E:\development\Django\mPdigreeTest\employeeSystem\logger\views.py", line 7, in logPageView
    return render(request,'logs.html',{'logs':logs})
  File "E:\development\Django\mPdigreeTest\venv\lib\site-packages\django\shortcuts.py", line 19, in render
    content = loader.render_to_string(template_name, context, request, using=using)
  File "E:\development\Django\mPdigreeTest\venv\lib\site-packages\django\template\loader.py", line 61, in render_to_string
    template = get_template(template_name, using=using)
  File "E:\development\Django\mPdigreeTest\venv\lib\site-packages\django\template\loader.py", line 15, in get_template
    return engine.get_template(template_name)
  File "E:\development\Django\mPdigreeTest\venv\lib\site-packages\django\template\backends\django.py", line 34, in get_template
    return Template(self.engine.get_template(template_name), self)
  File "E:\development\Django\mPdigreeTest\venv\lib\site-packages\django\template\engine.py", line 143, in get_template
    template, origin = self.find_template(template_name)
  File "E:\development\Django\mPdigreeTest\venv\lib\site-packages\django\template\engine.py", line 125, in find_template
    template = loader.get_template(name, skip=skip)
  File "E:\development\Django\mPdigreeTest\venv\lib\site-packages\django\template\loaders\base.py", line 29, in get_template
    return Template(
  File "E:\development\Django\mPdigreeTest\venv\lib\site-packages\django\template\base.py", line 155, in __init__
    self.nodelist = self.compile_nodelist()
  File "E:\development\Django\mPdigreeTest\venv\lib\site-packages\django\template\base.py", line 193, in compile_nodelist
    return parser.parse()
  File "E:\development\Django\mPdigreeTest\venv\lib\site-packages\django\template\base.py", line 478, in parse
    raise self.error(token, e)
  File "E:\development\Django\mPdigreeTest\venv\lib\site-packages\django\template\base.py", line 476, in parse
    compiled_result = compile_func(self, token)
  File "E:\development\Django\mPdigreeTest\venv\lib\site-packages\django\template\loader_tags.py", line 270, in do_extends
    nodelist = parser.parse()
  File "E:\development\Django\mPdigreeTest\venv\lib\site-packages\django\template\base.py", line 478, in parse
    raise self.error(token, e)
  File "E:\development\Django\mPdigreeTest\venv\lib\site-packages\django\template\base.py", line 476, in parse
    compiled_result = compile_func(self, token)
  File "E:\development\Django\mPdigreeTest\venv\lib\site-packages\django\template\loader_tags.py", line 213, in do_block
    nodelist = parser.parse(('endblock',))
  File "E:\development\Django\mPdigreeTest\venv\lib\site-packages\django\template\base.py", line 478, in parse
    raise self.error(token, e)
  File "E:\development\Django\mPdigreeTest\venv\lib\site-packages\django\template\base.py", line 476, in parse
    compiled_result = compile_func(self, token)
  File "E:\development\Django\mPdigreeTest\venv\lib\site-packages\django\template\defaulttags.py", line 964, in do_if
    condition = TemplateIfParser(parser, bits).parse()
  File "E:\development\Django\mPdigreeTest\venv\lib\site-packages\django\template\defaulttags.py", line 897, in __init__
    super().__init__(*args, **kwargs)
  File "E:\development\Django\mPdigreeTest\venv\lib\site-packages\django\template\smartif.py", line 166, in __init__
    mapped_tokens.append(self.translate_token(token))
  File "E:\development\Django\mPdigreeTest\venv\lib\site-packages\django\template\smartif.py", line 177, in translate_token
    return self.create_var(token)
  File "E:\development\Django\mPdigreeTest\venv\lib\site-packages\django\template\defaulttags.py", line 900, in create_var
    return TemplateLiteral(self.template_parser.compile_filter(value), value)
  File "E:\development\Django\mPdigreeTest\venv\lib\site-packages\django\template\base.py", line 563, in compile_filter
    return FilterExpression(token, self)
  File "E:\development\Django\mPdigreeTest\venv\lib\site-packages\django\template\base.py", line 662, in __init__
    raise TemplateSyntaxError("Could not parse the remainder: '%s' "
django.template.exceptions.TemplateSyntaxError: Could not parse the remainder: '==[]' from '==[]'
ERROR 2020-11-25 14:25:23,739 basehttp 3532 17540 "GET /logs HTTP/1.1" 500 197606
ERROR 2020-11-25 14:25:38,529 log 3532 17540 Internal Server Error: /logs
Traceback (most recent call last):
  File "E:\development\Django\mPdigreeTest\venv\lib\site-packages\django\core\handlers\exception.py", line 47, in inner
    response = get_response(request)
  File "E:\development\Django\mPdigreeTest\venv\lib\site-packages\django\core\handlers\base.py", line 179, in _get_response
    response = wrapped_callback(request, *callback_args, **callback_kwargs)
  File "E:\development\Django\mPdigreeTest\employeeSystem\logger\views.py", line 7, in logPageView
    return render(request,'logs.html',{'logs':logs})
  File "E:\development\Django\mPdigreeTest\venv\lib\site-packages\django\shortcuts.py", line 19, in render
    content = loader.render_to_string(template_name, context, request, using=using)
  File "E:\development\Django\mPdigreeTest\venv\lib\site-packages\django\template\loader.py", line 61, in render_to_string
    template = get_template(template_name, using=using)
  File "E:\development\Django\mPdigreeTest\venv\lib\site-packages\django\template\loader.py", line 15, in get_template
    return engine.get_template(template_name)
  File "E:\development\Django\mPdigreeTest\venv\lib\site-packages\django\template\backends\django.py", line 34, in get_template
    return Template(self.engine.get_template(template_name), self)
  File "E:\development\Django\mPdigreeTest\venv\lib\site-packages\django\template\engine.py", line 143, in get_template
    template, origin = self.find_template(template_name)
  File "E:\development\Django\mPdigreeTest\venv\lib\site-packages\django\template\engine.py", line 125, in find_template
    template = loader.get_template(name, skip=skip)
  File "E:\development\Django\mPdigreeTest\venv\lib\site-packages\django\template\loaders\base.py", line 29, in get_template
    return Template(
  File "E:\development\Django\mPdigreeTest\venv\lib\site-packages\django\template\base.py", line 155, in __init__
    self.nodelist = self.compile_nodelist()
  File "E:\development\Django\mPdigreeTest\venv\lib\site-packages\django\template\base.py", line 193, in compile_nodelist
    return parser.parse()
  File "E:\development\Django\mPdigreeTest\venv\lib\site-packages\django\template\base.py", line 478, in parse
    raise self.error(token, e)
  File "E:\development\Django\mPdigreeTest\venv\lib\site-packages\django\template\base.py", line 476, in parse
    compiled_result = compile_func(self, token)
  File "E:\development\Django\mPdigreeTest\venv\lib\site-packages\django\template\loader_tags.py", line 270, in do_extends
    nodelist = parser.parse()
  File "E:\development\Django\mPdigreeTest\venv\lib\site-packages\django\template\base.py", line 478, in parse
    raise self.error(token, e)
  File "E:\development\Django\mPdigreeTest\venv\lib\site-packages\django\template\base.py", line 476, in parse
    compiled_result = compile_func(self, token)
  File "E:\development\Django\mPdigreeTest\venv\lib\site-packages\django\template\loader_tags.py", line 213, in do_block
    nodelist = parser.parse(('endblock',))
  File "E:\development\Django\mPdigreeTest\venv\lib\site-packages\django\template\base.py", line 478, in parse
    raise self.error(token, e)
  File "E:\development\Django\mPdigreeTest\venv\lib\site-packages\django\template\base.py", line 476, in parse
    compiled_result = compile_func(self, token)
  File "E:\development\Django\mPdigreeTest\venv\lib\site-packages\django\template\defaulttags.py", line 964, in do_if
    condition = TemplateIfParser(parser, bits).parse()
  File "E:\development\Django\mPdigreeTest\venv\lib\site-packages\django\template\smartif.py", line 190, in parse
    retval = self.expression()
  File "E:\development\Django\mPdigreeTest\venv\lib\site-packages\django\template\smartif.py", line 200, in expression
    left = t.nud(self)
  File "E:\development\Django\mPdigreeTest\venv\lib\site-packages\django\template\smartif.py", line 22, in nud
    raise parser.error_class(
django.template.exceptions.TemplateSyntaxError: Not expecting '==' in this position in if tag.
ERROR 2020-11-25 14:25:38,542 basehttp 3532 17540 "GET /logs HTTP/1.1" 500 179801
INFO 2020-11-25 14:25:59,266 basehttp 3532 17540 "GET /logs HTTP/1.1" 200 23936
INFO 2020-11-25 14:27:45,294 basehttp 3532 17540 "GET /logs HTTP/1.1" 200 24072
INFO 2020-11-25 14:28:03,125 basehttp 3532 17540 "GET /logs HTTP/1.1" 200 24191
INFO 2020-11-25 14:28:12,197 basehttp 3532 17540 "GET /logs HTTP/1.1" 200 24309
INFO 2020-11-25 14:28:21,815 basehttp 3532 17540 "GET /logs HTTP/1.1" 200 24425
INFO 2020-11-25 14:30:15,763 basehttp 3532 17540 "GET /logs HTTP/1.1" 200 24543
INFO 2020-11-25 14:30:41,483 basehttp 3532 17540 "GET /logs HTTP/1.1" 200 24661
