Watching for file changes with StatReloader
"GET / HTTP/1.1" 200 3367
E:\development\Django\mPdigreeTest\employeeSystem\employeeSystem\settings.py changed, reloading.
Watching for file changes with StatReloader
E:\development\Django\mPdigreeTest\employeeSystem\employeeSystem\settings.py changed, reloading.
Watching for file changes with StatReloader
Watching for file changes with StatReloader
Internal Server Error: /
Traceback (most recent call last):
  File "E:\development\Django\mPdigreeTest\venv\lib\site-packages\django\template\base.py", line 470, in parse
    compile_func = self.tags[command]
KeyError: 'static'

During handling of the above exception, another exception occurred:

Traceback (most recent call last):
  File "E:\development\Django\mPdigreeTest\venv\lib\site-packages\django\core\handlers\exception.py", line 47, in inner
    response = get_response(request)
  File "E:\development\Django\mPdigreeTest\venv\lib\site-packages\django\core\handlers\base.py", line 179, in _get_response
    response = wrapped_callback(request, *callback_args, **callback_kwargs)
  File "E:\development\Django\mPdigreeTest\employeeSystem\home\views.py", line 10, in homeScreenView
    return render(requst,'home.html',{'user':user})
  File "E:\development\Django\mPdigreeTest\venv\lib\site-packages\django\shortcuts.py", line 19, in render
    content = loader.render_to_string(template_name, context, request, using=using)
  File "E:\development\Django\mPdigreeTest\venv\lib\site-packages\django\template\loader.py", line 61, in render_to_string
    template = get_template(template_name, using=using)
  File "E:\development\Django\mPdigreeTest\venv\lib\site-packages\django\template\loader.py", line 15, in get_template
    return engine.get_template(template_name)
  File "E:\development\Django\mPdigreeTest\venv\lib\site-packages\django\template\backends\django.py", line 34, in get_template
    return Template(self.engine.get_template(template_name), self)
  File "E:\development\Django\mPdigreeTest\venv\lib\site-packages\django\template\engine.py", line 143, in get_template
    template, origin = self.find_template(template_name)
  File "E:\development\Django\mPdigreeTest\venv\lib\site-packages\django\template\engine.py", line 125, in find_template
    template = loader.get_template(name, skip=skip)
  File "E:\development\Django\mPdigreeTest\venv\lib\site-packages\django\template\loaders\base.py", line 29, in get_template
    return Template(
  File "E:\development\Django\mPdigreeTest\venv\lib\site-packages\django\template\base.py", line 155, in __init__
    self.nodelist = self.compile_nodelist()
  File "E:\development\Django\mPdigreeTest\venv\lib\site-packages\django\template\base.py", line 193, in compile_nodelist
    return parser.parse()
  File "E:\development\Django\mPdigreeTest\venv\lib\site-packages\django\template\base.py", line 478, in parse
    raise self.error(token, e)
  File "E:\development\Django\mPdigreeTest\venv\lib\site-packages\django\template\base.py", line 476, in parse
    compiled_result = compile_func(self, token)
  File "E:\development\Django\mPdigreeTest\venv\lib\site-packages\django\template\loader_tags.py", line 270, in do_extends
    nodelist = parser.parse()
  File "E:\development\Django\mPdigreeTest\venv\lib\site-packages\django\template\base.py", line 478, in parse
    raise self.error(token, e)
  File "E:\development\Django\mPdigreeTest\venv\lib\site-packages\django\template\base.py", line 476, in parse
    compiled_result = compile_func(self, token)
  File "E:\development\Django\mPdigreeTest\venv\lib\site-packages\django\template\loader_tags.py", line 213, in do_block
    nodelist = parser.parse(('endblock',))
  File "E:\development\Django\mPdigreeTest\venv\lib\site-packages\django\template\base.py", line 472, in parse
    self.invalid_block_tag(token, command, parse_until)
  File "E:\development\Django\mPdigreeTest\venv\lib\site-packages\django\template\base.py", line 522, in invalid_block_tag
    raise self.error(
django.template.exceptions.TemplateSyntaxError: Invalid block tag on line 7: 'static', expected 'endblock'. Did you forget to register or load this tag?
"GET / HTTP/1.1" 500 155516
"GET / HTTP/1.1" 200 4360
"GET / HTTP/1.1" 200 4291
"GET / HTTP/1.1" 200 4291
"GET / HTTP/1.1" 200 4291
"GET / HTTP/1.1" 200 4363
"GET /static/css/landing.css HTTP/1.1" 304 0
"GET /static/images/main-bg.jpg HTTP/1.1" 304 0
"GET /employees/ HTTP/1.1" 200 8445
"GET / HTTP/1.1" 200 4291
"GET / HTTP/1.1" 200 4291
"GET / HTTP/1.1" 200 4363
"GET / HTTP/1.1" 200 4387
"GET / HTTP/1.1" 200 4388
"GET / HTTP/1.1" 200 4324
"GET /employees/ HTTP/1.1" 200 8406
"GET /employees/ HTTP/1.1" 200 8415
"GET /employees/add HTTP/1.1" 200 6689
"GET /auth/logout HTTP/1.1" 302 0
"GET /auth/login HTTP/1.1" 200 2918
"GET /static/images/main2.jpg HTTP/1.1" 304 0
"POST /auth/login HTTP/1.1" 200 3014
"POST /auth/login HTTP/1.1" 200 3014
"POST /auth/login HTTP/1.1" 302 0
"GET /auth/congrats HTTP/1.1" 200 3608
"GET /employees/ HTTP/1.1" 200 8415
"GET /employees/supervisors HTTP/1.1" 200 4448
"GET /employees/supervisors/add HTTP/1.1" 200 6510
"GET /employees/assign-supervisor HTTP/1.1" 200 5632
"GET / HTTP/1.1" 200 4324
"GET / HTTP/1.1" 200 4382
"GET / HTTP/1.1" 200 4450
"GET /static/css/imployee.css HTTP/1.1" 304 0
"GET /static/css/home.css HTTP/1.1" 200 106
"GET / HTTP/1.1" 200 4450
"GET /static/css/home.css HTTP/1.1" 200 120
"GET / HTTP/1.1" 200 4450
"GET /static/css/home.css HTTP/1.1" 200 145
"GET / HTTP/1.1" 200 4390
"GET /static/css/home.css HTTP/1.1" 200 194
"GET / HTTP/1.1" 200 4390
"GET /static/css/home.css HTTP/1.1" 200 198
"GET / HTTP/1.1" 200 4390
"GET /static/css/home.css HTTP/1.1" 200 193
"GET / HTTP/1.1" 200 4392
"GET /static/css/home.css HTTP/1.1" 200 224
"GET / HTTP/1.1" 200 4392
"GET /static/css/home.css HTTP/1.1" 200 226
"GET / HTTP/1.1" 200 4392
"GET /static/css/home.css HTTP/1.1" 200 235
"GET / HTTP/1.1" 200 4392
"GET /static/css/home.css HTTP/1.1" 200 260
"GET / HTTP/1.1" 200 4392
"GET /static/css/home.css HTTP/1.1" 200 347
"GET / HTTP/1.1" 200 4392
"GET /static/css/home.css HTTP/1.1" 200 364
"GET / HTTP/1.1" 200 4392
"GET /static/css/home.css HTTP/1.1" 200 478
"GET / HTTP/1.1" 200 4392
"GET /static/css/home.css HTTP/1.1" 200 489
"GET / HTTP/1.1" 200 4392
"GET /static/css/home.css HTTP/1.1" 200 531
Not Found: /bar-link
"GET /bar-link HTTP/1.1" 404 2459
"GET / HTTP/1.1" 200 4392
"GET /static/css/home.css HTTP/1.1" 304 0
Not Found: /bar-link
"GET /bar-link HTTP/1.1" 404 2459
"GET / HTTP/1.1" 200 4392
"GET /static/css/home.css HTTP/1.1" 304 0
"GET / HTTP/1.1" 200 4392
"GET /static/css/home.css HTTP/1.1" 200 534
"GET / HTTP/1.1" 200 4392
"GET /static/css/home.css HTTP/1.1" 200 534
"GET / HTTP/1.1" 200 4392
"GET /static/css/home.css HTTP/1.1" 200 585
"GET / HTTP/1.1" 200 4392
"GET /static/css/home.css HTTP/1.1" 200 586
"GET / HTTP/1.1" 200 4395
"GET /static/css/home.css HTTP/1.1" 200 625
"GET / HTTP/1.1" 200 4421
"GET /static/css/home.css HTTP/1.1" 304 0
"GET / HTTP/1.1" 200 4421
"GET /static/css/home.css HTTP/1.1" 200 673
"GET / HTTP/1.1" 200 4421
"GET /static/css/home.css HTTP/1.1" 200 723
"GET / HTTP/1.1" 200 4421
"GET /static/css/home.css HTTP/1.1" 200 724
"GET / HTTP/1.1" 200 4421
"GET /static/css/home.css HTTP/1.1" 200 671
"GET / HTTP/1.1" 200 4421
"GET /static/css/home.css HTTP/1.1" 200 670
"GET /employees/add-bulk HTTP/1.1" 200 4650
"GET /employees/add-bulk HTTP/1.1" 200 4650
"GET / HTTP/1.1" 200 4421
"GET /static/css/home.css HTTP/1.1" 304 0
"GET /employees/ HTTP/1.1" 200 8415
"GET /employees/supervisors/add HTTP/1.1" 200 6510
"GET /employees/supervisors HTTP/1.1" 200 4448
"GET /employees/supervisors HTTP/1.1" 200 4451
"GET /employees/supervisors HTTP/1.1" 200 4451
"GET /employees/supervisors HTTP/1.1" 200 4451
"GET /employees/supervisors HTTP/1.1" 200 4451
"GET /employees/supervisors HTTP/1.1" 200 4451
"GET /employees/supervisors HTTP/1.1" 200 4451
"GET /employees/supervisors HTTP/1.1" 200 4451
"GET /employees/supervisors HTTP/1.1" 200 4451
"GET /employees/supervisors HTTP/1.1" 200 4451
"GET /employees/supervisors HTTP/1.1" 200 4451
Watching for file changes with StatReloader
"GET /employees/supervisors HTTP/1.1" 200 4451
"GET /employees/supervisors HTTP/1.1" 200 4451
Watching for file changes with StatReloader
"GET / HTTP/1.1" 200 4424
"GET /static/css/home.css HTTP/1.1" 304 0
"GET /employees/ HTTP/1.1" 200 8418
"GET /employees/ HTTP/1.1" 200 8418
E:\development\Django\mPdigreeTest\employeeSystem\employeeSystem\urls.py changed, reloading.
Watching for file changes with StatReloader
E:\development\Django\mPdigreeTest\employeeSystem\employeeSystem\urls.py changed, reloading.
Watching for file changes with StatReloader
E:\development\Django\mPdigreeTest\employeeSystem\employeeSystem\urls.py changed, reloading.
Watching for file changes with StatReloader
E:\development\Django\mPdigreeTest\employeeSystem\employeeSystem\urls.py changed, reloading.
Watching for file changes with StatReloader
Watching for file changes with StatReloader
"GET /logs HTTP/1.1" 200 3557
"GET /logs HTTP/1.1" 200 3560
"GET /logs HTTP/1.1" 200 3557
"GET /logs HTTP/1.1" 200 3565
"GET /logs HTTP/1.1" 200 3565
"GET /logs HTTP/1.1" 200 3577
"GET /logs HTTP/1.1" 200 3577
"GET /logs HTTP/1.1" 200 3577
"GET /logs HTTP/1.1" 200 3558
"GET /logs HTTP/1.1" 200 3565
"GET /logs HTTP/1.1" 200 3565
Watching for file changes with StatReloader
"GET /logs HTTP/1.1" 200 3565
"GET / HTTP/1.1" 200 4432
"GET /static/css/home.css HTTP/1.1" 304 0
"GET /employees/ HTTP/1.1" 200 8426
"GET / HTTP/1.1" 200 4432
"GET /employees/ HTTP/1.1" 200 8426
"GET /employees/supervisors HTTP/1.1" 200 4459
"GET / HTTP/1.1" 200 4432
"GET /employees/ HTTP/1.1" 200 8426
E:\development\Django\mPdigreeTest\employeeSystem\employeeSystem\settings.py changed, reloading.
Watching for file changes with StatReloader
E:\development\Django\mPdigreeTest\employeeSystem\employeeSystem\settings.py changed, reloading.
Watching for file changes with StatReloader
E:\development\Django\mPdigreeTest\employeeSystem\employeeSystem\settings.py changed, reloading.
Watching for file changes with StatReloader
"GET / HTTP/1.1" 200 4432
"GET /static/css/base.css HTTP/1.1" 200 611
"GET /static/css/login.css HTTP/1.1" 200 1394
"GET /static/css/home.css HTTP/1.1" 304 0
"GET / HTTP/1.1" 200 4432
"GET / HTTP/1.1" 200 4432
"GET / HTTP/1.1" 200 4432
E:\development\Django\mPdigreeTest\employeeSystem\employeeSystem\settings.py changed, reloading.
Watching for file changes with StatReloader
E:\development\Django\mPdigreeTest\employeeSystem\employeeSystem\settings.py changed, reloading.
Watching for file changes with StatReloader
Watching for file changes with StatReloader
E:\development\Django\mPdigreeTest\employeeSystem\employeeSystem\settings.py changed, reloading.
Watching for file changes with StatReloader
E:\development\Django\mPdigreeTest\employeeSystem\employees\views.py changed, reloading.
Watching for file changes with StatReloader
E:\development\Django\mPdigreeTest\employeeSystem\employees\views.py changed, reloading.
Watching for file changes with StatReloader
E:\development\Django\mPdigreeTest\employeeSystem\employees\views.py changed, reloading.
Watching for file changes with StatReloader
E:\development\Django\mPdigreeTest\employeeSystem\employees\views.py changed, reloading.
Watching for file changes with StatReloader
E:\development\Django\mPdigreeTest\employeeSystem\employees\views.py changed, reloading.
Watching for file changes with StatReloader
E:\development\Django\mPdigreeTest\employeeSystem\employees\views.py changed, reloading.
Watching for file changes with StatReloader
E:\development\Django\mPdigreeTest\employeeSystem\employees\views.py changed, reloading.
Watching for file changes with StatReloader
E:\development\Django\mPdigreeTest\employeeSystem\employees\views.py changed, reloading.
Watching for file changes with StatReloader
E:\development\Django\mPdigreeTest\employeeSystem\employees\forms.py changed, reloading.
Watching for file changes with StatReloader
"GET / HTTP/1.1" 200 4432
"GET /static/css/base.css HTTP/1.1" 304 0
"GET /static/css/login.css HTTP/1.1" 200 1368
"GET /static/css/home.css HTTP/1.1" 304 0
"GET /employees/ HTTP/1.1" 200 8426
"GET /employees/add HTTP/1.1" 200 6452
"GET /static/images/forms.png HTTP/1.1" 304 0
Internal Server Error: /employees/add
Traceback (most recent call last):
  File "E:\development\Django\mPdigreeTest\venv\lib\site-packages\django\core\handlers\exception.py", line 47, in inner
    response = get_response(request)
  File "E:\development\Django\mPdigreeTest\venv\lib\site-packages\django\core\handlers\base.py", line 179, in _get_response
    response = wrapped_callback(request, *callback_args, **callback_kwargs)
  File "E:\development\Django\mPdigreeTest\employeeSystem\employees\views.py", line 29, in addEmployee
    age =getAge(request.POST['date_of_birth'])
  File "E:\development\Django\mPdigreeTest\employeeSystem\utils\date_format.py", line 5, in getAge
    yearDiff = today.year - date.year
AttributeError: 'str' object has no attribute 'year'
"POST /employees/add HTTP/1.1" 500 72799
E:\development\Django\mPdigreeTest\employeeSystem\employees\views.py changed, reloading.
Watching for file changes with StatReloader
E:\development\Django\mPdigreeTest\employeeSystem\employees\views.py changed, reloading.
Watching for file changes with StatReloader
E:\development\Django\mPdigreeTest\employeeSystem\employees\views.py changed, reloading.
Watching for file changes with StatReloader
E:\development\Django\mPdigreeTest\employeeSystem\employees\views.py changed, reloading.
Watching for file changes with StatReloader
E:\development\Django\mPdigreeTest\employeeSystem\employees\views.py changed, reloading.
Watching for file changes with StatReloader
E:\development\Django\mPdigreeTest\employeeSystem\employees\views.py changed, reloading.
Watching for file changes with StatReloader
E:\development\Django\mPdigreeTest\employeeSystem\employees\views.py changed, reloading.
Watching for file changes with StatReloader
E:\development\Django\mPdigreeTest\employeeSystem\employees\views.py changed, reloading.
Watching for file changes with StatReloader
E:\development\Django\mPdigreeTest\employeeSystem\employees\views.py changed, reloading.
Watching for file changes with StatReloader
E:\development\Django\mPdigreeTest\employeeSystem\employees\views.py changed, reloading.
Watching for file changes with StatReloader
E:\development\Django\mPdigreeTest\employeeSystem\employees\views.py changed, reloading.
Watching for file changes with StatReloader
E:\development\Django\mPdigreeTest\employeeSystem\employees\views.py changed, reloading.
Watching for file changes with StatReloader
E:\development\Django\mPdigreeTest\employeeSystem\employees\views.py changed, reloading.
Watching for file changes with StatReloader
E:\development\Django\mPdigreeTest\employeeSystem\employees\views.py changed, reloading.
Watching for file changes with StatReloader
E:\development\Django\mPdigreeTest\employeeSystem\employees\views.py changed, reloading.
Watching for file changes with StatReloader
E:\development\Django\mPdigreeTest\employeeSystem\employees\views.py changed, reloading.
Watching for file changes with StatReloader
"GET /employees/add HTTP/1.1" 200 6452
"GET /static/css/login.css HTTP/1.1" 304 0
"GET /employees/add HTTP/1.1" 200 6452
"GET /employees/add HTTP/1.1" 200 6452
"GET /employees/add HTTP/1.1" 200 6452
"POST /employees/add HTTP/1.1" 200 6696
Internal Server Error: /employees/add
Traceback (most recent call last):
  File "E:\development\Django\mPdigreeTest\venv\lib\site-packages\django\core\handlers\exception.py", line 47, in inner
    response = get_response(request)
  File "E:\development\Django\mPdigreeTest\venv\lib\site-packages\django\core\handlers\base.py", line 179, in _get_response
    response = wrapped_callback(request, *callback_args, **callback_kwargs)
  File "E:\development\Django\mPdigreeTest\employeeSystem\employees\views.py", line 31, in addEmployee
    age =date(date_of_birth)
TypeError: an integer is required (got type str)
"POST /employees/add HTTP/1.1" 500 69720
E:\development\Django\mPdigreeTest\employeeSystem\utils\date_format.py changed, reloading.
Watching for file changes with StatReloader
E:\development\Django\mPdigreeTest\employeeSystem\utils\date_format.py changed, reloading.
Watching for file changes with StatReloader
E:\development\Django\mPdigreeTest\employeeSystem\utils\date_format.py changed, reloading.
Watching for file changes with StatReloader
E:\development\Django\mPdigreeTest\employeeSystem\utils\date_format.py changed, reloading.
Watching for file changes with StatReloader
E:\development\Django\mPdigreeTest\employeeSystem\utils\date_format.py changed, reloading.
Watching for file changes with StatReloader
"GET /employees/add HTTP/1.1" 200 6452
"GET /static/css/login.css HTTP/1.1" 200 1366
Internal Server Error: /employees/add
Traceback (most recent call last):
  File "E:\development\Django\mPdigreeTest\venv\lib\site-packages\django\core\handlers\exception.py", line 47, in inner
    response = get_response(request)
  File "E:\development\Django\mPdigreeTest\venv\lib\site-packages\django\core\handlers\base.py", line 179, in _get_response
    response = wrapped_callback(request, *callback_args, **callback_kwargs)
  File "E:\development\Django\mPdigreeTest\employeeSystem\employees\views.py", line 31, in addEmployee
    age =date(date_of_birth)
TypeError: an integer is required (got type str)
"POST /employees/add HTTP/1.1" 500 69724
E:\development\Django\mPdigreeTest\employeeSystem\employees\views.py changed, reloading.
Watching for file changes with StatReloader
E:\development\Django\mPdigreeTest\employeeSystem\employees\views.py changed, reloading.
Watching for file changes with StatReloader
E:\development\Django\mPdigreeTest\employeeSystem\employees\views.py changed, reloading.
Watching for file changes with StatReloader
"GET /employees/add HTTP/1.1" 200 6452
"GET /static/css/login.css HTTP/1.1" 304 0
Internal Server Error: /employees/add
Traceback (most recent call last):
  File "E:\development\Django\mPdigreeTest\venv\lib\site-packages\django\core\handlers\exception.py", line 47, in inner
    response = get_response(request)
  File "E:\development\Django\mPdigreeTest\venv\lib\site-packages\django\core\handlers\base.py", line 179, in _get_response
    response = wrapped_callback(request, *callback_args, **callback_kwargs)
  File "E:\development\Django\mPdigreeTest\employeeSystem\employees\views.py", line 32, in addEmployee
    age =date(date_of_birth)
TypeError: an integer is required (got type str)
"POST /employees/add HTTP/1.1" 500 69715
E:\development\Django\mPdigreeTest\employeeSystem\employees\forms.py changed, reloading.
Watching for file changes with StatReloader
E:\development\Django\mPdigreeTest\employeeSystem\employees\forms.py changed, reloading.
Watching for file changes with StatReloader
E:\development\Django\mPdigreeTest\employeeSystem\employees\forms.py changed, reloading.
Watching for file changes with StatReloader
"GET /employees/add HTTP/1.1" 200 6429
"GET /static/css/base.css HTTP/1.1" 304 0
"GET /static/css/login.css HTTP/1.1" 304 0
Internal Server Error: /employees/add
Traceback (most recent call last):
  File "E:\development\Django\mPdigreeTest\venv\lib\site-packages\django\core\handlers\exception.py", line 47, in inner
    response = get_response(request)
  File "E:\development\Django\mPdigreeTest\venv\lib\site-packages\django\core\handlers\base.py", line 179, in _get_response
    response = wrapped_callback(request, *callback_args, **callback_kwargs)
  File "E:\development\Django\mPdigreeTest\employeeSystem\employees\views.py", line 32, in addEmployee
    age =date(date_of_birth)
TypeError: an integer is required (got type str)
"POST /employees/add HTTP/1.1" 500 69719
E:\development\Django\mPdigreeTest\employeeSystem\employees\views.py changed, reloading.
Watching for file changes with StatReloader
E:\development\Django\mPdigreeTest\employeeSystem\employees\views.py changed, reloading.
Watching for file changes with StatReloader
E:\development\Django\mPdigreeTest\employeeSystem\employees\views.py changed, reloading.
Watching for file changes with StatReloader
E:\development\Django\mPdigreeTest\employeeSystem\employees\views.py changed, reloading.
Watching for file changes with StatReloader
"GET /employees/add HTTP/1.1" 200 6429
"GET /static/css/login.css HTTP/1.1" 304 0
"POST /employees/add HTTP/1.1" 200 6763
"POST /employees/add HTTP/1.1" 200 6670
"GET /static/css/login.css HTTP/1.1" 304 0
"POST /employees/add HTTP/1.1" 200 6763
Internal Server Error: /employees/add
Traceback (most recent call last):
  File "E:\development\Django\mPdigreeTest\venv\lib\site-packages\django\core\handlers\exception.py", line 47, in inner
    response = get_response(request)
  File "E:\development\Django\mPdigreeTest\venv\lib\site-packages\django\core\handlers\base.py", line 179, in _get_response
    response = wrapped_callback(request, *callback_args, **callback_kwargs)
  File "E:\development\Django\mPdigreeTest\employeeSystem\employees\views.py", line 32, in addEmployee
    age =getAge(date(date_of_birth))
TypeError: an integer is required (got type str)
"POST /employees/add HTTP/1.1" 500 69736
E:\development\Django\mPdigreeTest\employeeSystem\utils\date_format.py changed, reloading.
Watching for file changes with StatReloader
E:\development\Django\mPdigreeTest\employeeSystem\utils\date_format.py changed, reloading.
Watching for file changes with StatReloader
E:\development\Django\mPdigreeTest\employeeSystem\utils\date_format.py changed, reloading.
Watching for file changes with StatReloader
E:\development\Django\mPdigreeTest\employeeSystem\utils\date_format.py changed, reloading.
Watching for file changes with StatReloader
E:\development\Django\mPdigreeTest\employeeSystem\utils\date_format.py changed, reloading.
Watching for file changes with StatReloader
E:\development\Django\mPdigreeTest\employeeSystem\utils\date_format.py changed, reloading.
Watching for file changes with StatReloader
E:\development\Django\mPdigreeTest\employeeSystem\utils\date_format.py changed, reloading.
Watching for file changes with StatReloader
E:\development\Django\mPdigreeTest\employeeSystem\utils\date_format.py changed, reloading.
Watching for file changes with StatReloader
E:\development\Django\mPdigreeTest\employeeSystem\utils\date_format.py changed, reloading.
Watching for file changes with StatReloader
E:\development\Django\mPdigreeTest\employeeSystem\utils\date_format.py changed, reloading.
Watching for file changes with StatReloader
E:\development\Django\mPdigreeTest\employeeSystem\utils\date_format.py changed, reloading.
Watching for file changes with StatReloader
E:\development\Django\mPdigreeTest\employeeSystem\utils\date_format.py changed, reloading.
Watching for file changes with StatReloader
E:\development\Django\mPdigreeTest\employeeSystem\utils\date_format.py changed, reloading.
Watching for file changes with StatReloader
E:\development\Django\mPdigreeTest\employeeSystem\utils\date_format.py changed, reloading.
Watching for file changes with StatReloader
E:\development\Django\mPdigreeTest\employeeSystem\utils\date_format.py changed, reloading.
Watching for file changes with StatReloader
E:\development\Django\mPdigreeTest\employeeSystem\utils\date_format.py changed, reloading.
Watching for file changes with StatReloader
E:\development\Django\mPdigreeTest\employeeSystem\utils\date_format.py changed, reloading.
Watching for file changes with StatReloader
E:\development\Django\mPdigreeTest\employeeSystem\employees\views.py changed, reloading.
Watching for file changes with StatReloader
E:\development\Django\mPdigreeTest\employeeSystem\employees\views.py changed, reloading.
Watching for file changes with StatReloader
E:\development\Django\mPdigreeTest\employeeSystem\employees\views.py changed, reloading.
Watching for file changes with StatReloader
E:\development\Django\mPdigreeTest\employeeSystem\employees\views.py changed, reloading.
Watching for file changes with StatReloader
E:\development\Django\mPdigreeTest\employeeSystem\employees\views.py changed, reloading.
Watching for file changes with StatReloader
E:\development\Django\mPdigreeTest\employeeSystem\employees\views.py changed, reloading.
Watching for file changes with StatReloader
E:\development\Django\mPdigreeTest\employeeSystem\employees\views.py changed, reloading.
Watching for file changes with StatReloader
"GET /employees/add HTTP/1.1" 200 6429
"GET /static/css/login.css HTTP/1.1" 304 0
"POST /employees/add HTTP/1.1" 200 6676
Internal Server Error: /employees/add
Traceback (most recent call last):
  File "E:\development\Django\mPdigreeTest\venv\lib\site-packages\django\core\handlers\exception.py", line 47, in inner
    response = get_response(request)
  File "E:\development\Django\mPdigreeTest\venv\lib\site-packages\django\core\handlers\base.py", line 179, in _get_response
    response = wrapped_callback(request, *callback_args, **callback_kwargs)
  File "E:\development\Django\mPdigreeTest\employeeSystem\employees\views.py", line 30, in addEmployee
    date_of_birth = getAge(request.POST['date_of_birth'])
  File "E:\development\Django\mPdigreeTest\employeeSystem\utils\date_format.py", line 9, in getAge
    date = convertToDate(date)
  File "E:\development\Django\mPdigreeTest\employeeSystem\utils\date_format.py", line 4, in convertToDate
    return add_months(datetime.datetime(*[int(item) for item in date.split('-')]), 1).strftime("%Y-%m-%d")
NameError: name 'add_months' is not defined
"POST /employees/add HTTP/1.1" 500 76150
E:\development\Django\mPdigreeTest\employeeSystem\utils\date_format.py changed, reloading.
Watching for file changes with StatReloader
E:\development\Django\mPdigreeTest\employeeSystem\utils\date_format.py changed, reloading.
Watching for file changes with StatReloader
"GET /employees/add HTTP/1.1" 200 6429
"GET /static/css/base.css HTTP/1.1" 304 0
"GET /static/css/login.css HTTP/1.1" 304 0
Internal Server Error: /employees/add
Traceback (most recent call last):
  File "E:\development\Django\mPdigreeTest\venv\lib\site-packages\django\core\handlers\exception.py", line 47, in inner
    response = get_response(request)
  File "E:\development\Django\mPdigreeTest\venv\lib\site-packages\django\core\handlers\base.py", line 179, in _get_response
    response = wrapped_callback(request, *callback_args, **callback_kwargs)
  File "E:\development\Django\mPdigreeTest\employeeSystem\employees\views.py", line 30, in addEmployee
    date_of_birth = getAge(request.POST['date_of_birth'])
  File "E:\development\Django\mPdigreeTest\employeeSystem\utils\date_format.py", line 15, in getAge
    date = convertToDate(date)
  File "E:\development\Django\mPdigreeTest\employeeSystem\utils\date_format.py", line 4, in convertToDate
    return add_months(datetime.datetime(*[int(item) for item in date.split('-')]), 1).strftime("%Y-%m-%d")
  File "E:\development\Django\mPdigreeTest\employeeSystem\utils\date_format.py", line 10, in add_months
    day = min(sourcedate.day,calendar.monthrange(year,month)[1])
NameError: name 'calendar' is not defined
"POST /employees/add HTTP/1.1" 500 80376
E:\development\Django\mPdigreeTest\employeeSystem\utils\date_format.py changed, reloading.
Watching for file changes with StatReloader
"GET /employees/add HTTP/1.1" 200 6429
"POST /employees/add HTTP/1.1" 200 6665
Internal Server Error: /employees/add
Traceback (most recent call last):
  File "E:\development\Django\mPdigreeTest\venv\lib\site-packages\django\core\handlers\exception.py", line 47, in inner
    response = get_response(request)
  File "E:\development\Django\mPdigreeTest\venv\lib\site-packages\django\core\handlers\base.py", line 179, in _get_response
    response = wrapped_callback(request, *callback_args, **callback_kwargs)
  File "E:\development\Django\mPdigreeTest\employeeSystem\employees\views.py", line 30, in addEmployee
    date_of_birth = getAge(request.POST['date_of_birth'])
  File "E:\development\Django\mPdigreeTest\employeeSystem\utils\date_format.py", line 15, in getAge
    date = convertToDate(date)
  File "E:\development\Django\mPdigreeTest\employeeSystem\utils\date_format.py", line 4, in convertToDate
    return add_months(datetime.datetime(*[int(item) for item in date.split('-')]), 1).strftime("%Y-%m-%d")
  File "E:\development\Django\mPdigreeTest\employeeSystem\utils\date_format.py", line 10, in add_months
    day = min(sourcedate.day,calendar.monthrange(year,month)[1])
  File "c:\users\aifarec\appdata\local\programs\python\python39\lib\calendar.py", line 125, in monthrange
    day1 = weekday(year, month, 1)
  File "c:\users\aifarec\appdata\local\programs\python\python39\lib\calendar.py", line 117, in weekday
    return datetime.date(year, month, day).weekday()
TypeError: integer argument expected, got float
"POST /employees/add HTTP/1.1" 500 87985
E:\development\Django\mPdigreeTest\employeeSystem\utils\date_format.py changed, reloading.
Watching for file changes with StatReloader
E:\development\Django\mPdigreeTest\employeeSystem\utils\date_format.py changed, reloading.
Watching for file changes with StatReloader
E:\development\Django\mPdigreeTest\employeeSystem\utils\date_format.py changed, reloading.
Watching for file changes with StatReloader
Watching for file changes with StatReloader
E:\development\Django\mPdigreeTest\employeeSystem\utils\date_format.py changed, reloading.
Watching for file changes with StatReloader
E:\development\Django\mPdigreeTest\employeeSystem\utils\date_format.py changed, reloading.
Watching for file changes with StatReloader
"GET /employees/add HTTP/1.1" 200 6429
"GET /static/css/login.css HTTP/1.1" 304 0
Internal Server Error: /employees/add
Traceback (most recent call last):
  File "E:\development\Django\mPdigreeTest\venv\lib\site-packages\django\core\handlers\exception.py", line 47, in inner
    response = get_response(request)
  File "E:\development\Django\mPdigreeTest\venv\lib\site-packages\django\core\handlers\base.py", line 179, in _get_response
    response = wrapped_callback(request, *callback_args, **callback_kwargs)
  File "E:\development\Django\mPdigreeTest\employeeSystem\employees\views.py", line 31, in addEmployee
    age =getAge(date_of_birth)
  File "E:\development\Django\mPdigreeTest\employeeSystem\utils\date_format.py", line 14, in getAge
    date = convertStringToDate(date)
  File "E:\development\Django\mPdigreeTest\employeeSystem\utils\date_format.py", line 10, in convertStringToDate
    return date(*map(int, date_string.split('-')))
AttributeError: 'int' object has no attribute 'split'
"POST /employees/add HTTP/1.1" 500 76948
E:\development\Django\mPdigreeTest\employeeSystem\utils\date_format.py changed, reloading.
Watching for file changes with StatReloader
"GET /employees/add HTTP/1.1" 200 6429
Internal Server Error: /employees/add
Traceback (most recent call last):
  File "E:\development\Django\mPdigreeTest\venv\lib\site-packages\django\core\handlers\exception.py", line 47, in inner
    response = get_response(request)
  File "E:\development\Django\mPdigreeTest\venv\lib\site-packages\django\core\handlers\base.py", line 179, in _get_response
    response = wrapped_callback(request, *callback_args, **callback_kwargs)
  File "E:\development\Django\mPdigreeTest\employeeSystem\employees\views.py", line 30, in addEmployee
    date_of_birth = getAge(request.POST['date_of_birth'])
  File "E:\development\Django\mPdigreeTest\employeeSystem\utils\date_format.py", line 14, in getAge
    date = convertStringToDate(date)
  File "E:\development\Django\mPdigreeTest\employeeSystem\utils\date_format.py", line 10, in convertStringToDate
    return date(*map(str, date_string.split('-')))
TypeError: an integer is required (got type str)
"POST /employees/add HTTP/1.1" 500 76672
E:\development\Django\mPdigreeTest\employeeSystem\utils\date_format.py changed, reloading.
Watching for file changes with StatReloader
E:\development\Django\mPdigreeTest\employeeSystem\utils\date_format.py changed, reloading.
Watching for file changes with StatReloader
E:\development\Django\mPdigreeTest\employeeSystem\utils\date_format.py changed, reloading.
Watching for file changes with StatReloader
E:\development\Django\mPdigreeTest\employeeSystem\utils\date_format.py changed, reloading.
Watching for file changes with StatReloader
E:\development\Django\mPdigreeTest\employeeSystem\utils\date_format.py changed, reloading.
Watching for file changes with StatReloader
E:\development\Django\mPdigreeTest\employeeSystem\utils\date_format.py changed, reloading.
Watching for file changes with StatReloader
E:\development\Django\mPdigreeTest\employeeSystem\utils\date_format.py changed, reloading.
Watching for file changes with StatReloader
E:\development\Django\mPdigreeTest\employeeSystem\utils\date_format.py changed, reloading.
Watching for file changes with StatReloader
E:\development\Django\mPdigreeTest\employeeSystem\utils\date_format.py changed, reloading.
Watching for file changes with StatReloader
E:\development\Django\mPdigreeTest\employeeSystem\utils\date_format.py changed, reloading.
Watching for file changes with StatReloader
E:\development\Django\mPdigreeTest\employeeSystem\utils\date_format.py changed, reloading.
Watching for file changes with StatReloader
E:\development\Django\mPdigreeTest\employeeSystem\utils\date_format.py changed, reloading.
Watching for file changes with StatReloader
E:\development\Django\mPdigreeTest\employeeSystem\utils\date_format.py changed, reloading.
Watching for file changes with StatReloader
"GET /employees/add HTTP/1.1" 200 6429
"GET /static/css/login.css HTTP/1.1" 304 0
E:\development\Django\mPdigreeTest\employeeSystem\utils\date_format.py changed, reloading.
Watching for file changes with StatReloader
E:\development\Django\mPdigreeTest\employeeSystem\utils\date_format.py changed, reloading.
Watching for file changes with StatReloader
E:\development\Django\mPdigreeTest\employeeSystem\utils\date_format.py changed, reloading.
Watching for file changes with StatReloader
E:\development\Django\mPdigreeTest\employeeSystem\utils\date_format.py changed, reloading.
Watching for file changes with StatReloader
E:\development\Django\mPdigreeTest\employeeSystem\utils\date_format.py changed, reloading.
Watching for file changes with StatReloader
E:\development\Django\mPdigreeTest\employeeSystem\utils\date_format.py changed, reloading.
Watching for file changes with StatReloader
E:\development\Django\mPdigreeTest\employeeSystem\utils\date_format.py changed, reloading.
Watching for file changes with StatReloader
E:\development\Django\mPdigreeTest\employeeSystem\utils\date_format.py changed, reloading.
Watching for file changes with StatReloader
"GET /employees/add HTTP/1.1" 200 6429
"GET /static/css/base.css HTTP/1.1" 304 0
Internal Server Error: /employees/add
Traceback (most recent call last):
  File "E:\development\Django\mPdigreeTest\venv\lib\site-packages\django\core\handlers\exception.py", line 47, in inner
    response = get_response(request)
  File "E:\development\Django\mPdigreeTest\venv\lib\site-packages\django\core\handlers\base.py", line 179, in _get_response
    response = wrapped_callback(request, *callback_args, **callback_kwargs)
  File "E:\development\Django\mPdigreeTest\employeeSystem\employees\views.py", line 31, in addEmployee
    age =getAge(date_of_birth)
  File "E:\development\Django\mPdigreeTest\employeeSystem\utils\date_format.py", line 15, in getAge
    date = convertStringToDate(date)
  File "E:\development\Django\mPdigreeTest\employeeSystem\utils\date_format.py", line 10, in convertStringToDate
    year,month,day = date_string.split('-')
AttributeError: 'int' object has no attribute 'split'
"POST /employees/add HTTP/1.1" 500 76969
E:\development\Django\mPdigreeTest\employeeSystem\utils\date_format.py changed, reloading.
Watching for file changes with StatReloader
E:\development\Django\mPdigreeTest\employeeSystem\utils\date_format.py changed, reloading.
Watching for file changes with StatReloader
E:\development\Django\mPdigreeTest\employeeSystem\utils\date_format.py changed, reloading.
Watching for file changes with StatReloader
E:\development\Django\mPdigreeTest\employeeSystem\utils\date_format.py changed, reloading.
Watching for file changes with StatReloader
E:\development\Django\mPdigreeTest\employeeSystem\utils\date_format.py changed, reloading.
Watching for file changes with StatReloader
E:\development\Django\mPdigreeTest\employeeSystem\utils\date_format.py changed, reloading.
Watching for file changes with StatReloader
"GET /employees/add HTTP/1.1" 200 6429
Internal Server Error: /employees/add
Traceback (most recent call last):
  File "E:\development\Django\mPdigreeTest\venv\lib\site-packages\django\core\handlers\exception.py", line 47, in inner
    response = get_response(request)
  File "E:\development\Django\mPdigreeTest\venv\lib\site-packages\django\core\handlers\base.py", line 179, in _get_response
    response = wrapped_callback(request, *callback_args, **callback_kwargs)
  File "E:\development\Django\mPdigreeTest\employeeSystem\employees\views.py", line 30, in addEmployee
    date_of_birth = getAge(request.POST['date_of_birth'])
  File "E:\development\Django\mPdigreeTest\employeeSystem\utils\date_format.py", line 16, in getAge
    date = convertStringToDate(date)
  File "E:\development\Django\mPdigreeTest\employeeSystem\utils\date_format.py", line 12, in convertStringToDate
    return date(int(year),int(month),int(day))
TypeError: 'str' object is not callable
"POST /employees/add HTTP/1.1" 500 77382
E:\development\Django\mPdigreeTest\employeeSystem\utils\date_format.py changed, reloading.
Watching for file changes with StatReloader
E:\development\Django\mPdigreeTest\employeeSystem\utils\date_format.py changed, reloading.
Watching for file changes with StatReloader
E:\development\Django\mPdigreeTest\employeeSystem\utils\date_format.py changed, reloading.
Watching for file changes with StatReloader
E:\development\Django\mPdigreeTest\employeeSystem\utils\date_format.py changed, reloading.
Watching for file changes with StatReloader
E:\development\Django\mPdigreeTest\employeeSystem\utils\date_format.py changed, reloading.
Watching for file changes with StatReloader
E:\development\Django\mPdigreeTest\employeeSystem\utils\date_format.py changed, reloading.
Watching for file changes with StatReloader
E:\development\Django\mPdigreeTest\employeeSystem\utils\date_format.py changed, reloading.
Watching for file changes with StatReloader
E:\development\Django\mPdigreeTest\employeeSystem\utils\date_format.py changed, reloading.
Watching for file changes with StatReloader
"GET /employees/add HTTP/1.1" 200 6429
"GET /static/css/login.css HTTP/1.1" 304 0
Internal Server Error: /employees/add
Traceback (most recent call last):
  File "E:\development\Django\mPdigreeTest\venv\lib\site-packages\django\core\handlers\exception.py", line 47, in inner
    response = get_response(request)
  File "E:\development\Django\mPdigreeTest\venv\lib\site-packages\django\core\handlers\base.py", line 179, in _get_response
    response = wrapped_callback(request, *callback_args, **callback_kwargs)
  File "E:\development\Django\mPdigreeTest\employeeSystem\employees\views.py", line 30, in addEmployee
    date_of_birth = getAge(request.POST['date_of_birth'])
  File "E:\development\Django\mPdigreeTest\employeeSystem\utils\date_format.py", line 17, in getAge
    date = convertStringToDate(date)
  File "E:\development\Django\mPdigreeTest\employeeSystem\utils\date_format.py", line 13, in convertStringToDate
    return date(int(year),int(month),int(day))
TypeError: 'str' object is not callable
"POST /employees/add HTTP/1.1" 500 77145
E:\development\Django\mPdigreeTest\employeeSystem\utils\date_format.py changed, reloading.
Watching for file changes with StatReloader
E:\development\Django\mPdigreeTest\employeeSystem\utils\date_format.py changed, reloading.
Watching for file changes with StatReloader
E:\development\Django\mPdigreeTest\employeeSystem\utils\date_format.py changed, reloading.
Watching for file changes with StatReloader
E:\development\Django\mPdigreeTest\employeeSystem\utils\date_format.py changed, reloading.
Watching for file changes with StatReloader
"GET /employees/add HTTP/1.1" 200 6429
"GET /static/css/login.css HTTP/1.1" 304 0
Internal Server Error: /employees/add
Traceback (most recent call last):
  File "E:\development\Django\mPdigreeTest\venv\lib\site-packages\django\core\handlers\exception.py", line 47, in inner
    response = get_response(request)
  File "E:\development\Django\mPdigreeTest\venv\lib\site-packages\django\core\handlers\base.py", line 179, in _get_response
    response = wrapped_callback(request, *callback_args, **callback_kwargs)
  File "E:\development\Django\mPdigreeTest\employeeSystem\employees\views.py", line 30, in addEmployee
    date_of_birth = getAge(request.POST['date_of_birth'])
  File "E:\development\Django\mPdigreeTest\employeeSystem\utils\date_format.py", line 17, in getAge
    date = convertStringToDate(date)
  File "E:\development\Django\mPdigreeTest\employeeSystem\utils\date_format.py", line 10, in convertStringToDate
    print(date.type)
AttributeError: 'str' object has no attribute 'type'
"POST /employees/add HTTP/1.1" 500 76705
E:\development\Django\mPdigreeTest\employeeSystem\utils\date_format.py changed, reloading.
Watching for file changes with StatReloader
E:\development\Django\mPdigreeTest\employeeSystem\utils\date_format.py changed, reloading.
Watching for file changes with StatReloader
E:\development\Django\mPdigreeTest\employeeSystem\utils\date_format.py changed, reloading.
Watching for file changes with StatReloader
E:\development\Django\mPdigreeTest\employeeSystem\utils\date_format.py changed, reloading.
Watching for file changes with StatReloader
E:\development\Django\mPdigreeTest\employeeSystem\utils\date_format.py changed, reloading.
Watching for file changes with StatReloader
"GET /employees/add HTTP/1.1" 200 6429
Internal Server Error: /employees/add
Traceback (most recent call last):
  File "E:\development\Django\mPdigreeTest\venv\lib\site-packages\django\core\handlers\exception.py", line 47, in inner
    response = get_response(request)
  File "E:\development\Django\mPdigreeTest\venv\lib\site-packages\django\core\handlers\base.py", line 179, in _get_response
    response = wrapped_callback(request, *callback_args, **callback_kwargs)
  File "E:\development\Django\mPdigreeTest\employeeSystem\employees\views.py", line 30, in addEmployee
    date_of_birth = getAge(request.POST['date_of_birth'])
  File "E:\development\Django\mPdigreeTest\employeeSystem\utils\date_format.py", line 17, in getAge
    date = convertStringToDate(date)
  File "E:\development\Django\mPdigreeTest\employeeSystem\utils\date_format.py", line 13, in convertStringToDate
    return date(int(year),int(month),int(day))
TypeError: 'str' object is not callable
"POST /employees/add HTTP/1.1" 500 77148
E:\development\Django\mPdigreeTest\employeeSystem\utils\date_format.py changed, reloading.
Watching for file changes with StatReloader
E:\development\Django\mPdigreeTest\employeeSystem\utils\date_format.py changed, reloading.
Watching for file changes with StatReloader
E:\development\Django\mPdigreeTest\employeeSystem\utils\date_format.py changed, reloading.
Watching for file changes with StatReloader
E:\development\Django\mPdigreeTest\employeeSystem\utils\date_format.py changed, reloading.
Watching for file changes with StatReloader
E:\development\Django\mPdigreeTest\employeeSystem\utils\date_format.py changed, reloading.
Watching for file changes with StatReloader
E:\development\Django\mPdigreeTest\employeeSystem\utils\date_format.py changed, reloading.
Watching for file changes with StatReloader
E:\development\Django\mPdigreeTest\employeeSystem\utils\date_format.py changed, reloading.
Watching for file changes with StatReloader
E:\development\Django\mPdigreeTest\employeeSystem\utils\date_format.py changed, reloading.
Watching for file changes with StatReloader
E:\development\Django\mPdigreeTest\employeeSystem\utils\date_format.py changed, reloading.
Watching for file changes with StatReloader
E:\development\Django\mPdigreeTest\employeeSystem\utils\date_format.py changed, reloading.
Watching for file changes with StatReloader
E:\development\Django\mPdigreeTest\employeeSystem\utils\date_format.py changed, reloading.
Watching for file changes with StatReloader
E:\development\Django\mPdigreeTest\employeeSystem\utils\date_format.py changed, reloading.
Watching for file changes with StatReloader
E:\development\Django\mPdigreeTest\employeeSystem\utils\date_format.py changed, reloading.
Watching for file changes with StatReloader
E:\development\Django\mPdigreeTest\employeeSystem\utils\date_format.py changed, reloading.
Watching for file changes with StatReloader
E:\development\Django\mPdigreeTest\employeeSystem\utils\date_format.py changed, reloading.
Watching for file changes with StatReloader
E:\development\Django\mPdigreeTest\employeeSystem\utils\date_format.py changed, reloading.
Watching for file changes with StatReloader
"GET / HTTP/1.1" 200 2246
"GET /static/css/base.css HTTP/1.1" 200 611
"GET /static/css/landing.css HTTP/1.1" 200 2241
"GET /static/css/imployee.css HTTP/1.1" 200 78
"GET /static/images/logo.png HTTP/1.1" 200 28825
"GET /static/images/main-bg.jpg HTTP/1.1" 200 3637861
Not Found: /favicon.ico
"GET /favicon.ico HTTP/1.1" 404 2572
"GET /auth/login HTTP/1.1" 200 2918
"GET /static/css/login.css HTTP/1.1" 200 1366
"GET /static/images/main2.jpg HTTP/1.1" 200 3088853
"POST /auth/login HTTP/1.1" 200 3014
"POST /auth/login HTTP/1.1" 200 3014
"POST /auth/login HTTP/1.1" 302 0
"GET /auth/congrats HTTP/1.1" 200 3619
"GET /static/images/winner.png HTTP/1.1" 200 76077
"GET /employees HTTP/1.1" 301 0
"GET /employees/ HTTP/1.1" 200 8426
"GET /employees/add HTTP/1.1" 200 6429
"GET /static/images/forms.png HTTP/1.1" 200 18991
"POST /employees/add HTTP/1.1" 200 6682
Internal Server Error: /employees/add
Traceback (most recent call last):
  File "E:\development\Django\mPdigreeTest\venv\lib\site-packages\django\core\handlers\exception.py", line 47, in inner
    response = get_response(request)
  File "E:\development\Django\mPdigreeTest\venv\lib\site-packages\django\core\handlers\base.py", line 179, in _get_response
    response = wrapped_callback(request, *callback_args, **callback_kwargs)
  File "E:\development\Django\mPdigreeTest\employeeSystem\employees\views.py", line 30, in addEmployee
    date_of_birth = getAge(request.POST['date_of_birth'])
  File "E:\development\Django\mPdigreeTest\employeeSystem\utils\date_format.py", line 15, in getAge
    date = convertStringToDate(date)
  File "E:\development\Django\mPdigreeTest\employeeSystem\utils\date_format.py", line 11, in convertStringToDate
    return datetime.datetime.strftime(date,'%y-%d-%m')
TypeError: descriptor 'strftime' for 'datetime.date' objects doesn't apply to a 'str' object
"POST /employees/add HTTP/1.1" 500 76937
E:\development\Django\mPdigreeTest\employeeSystem\utils\date_format.py changed, reloading.
Watching for file changes with StatReloader
E:\development\Django\mPdigreeTest\employeeSystem\utils\date_format.py changed, reloading.
Watching for file changes with StatReloader
E:\development\Django\mPdigreeTest\employeeSystem\utils\date_format.py changed, reloading.
Watching for file changes with StatReloader
E:\development\Django\mPdigreeTest\employeeSystem\utils\date_format.py changed, reloading.
Watching for file changes with StatReloader
E:\development\Django\mPdigreeTest\employeeSystem\utils\date_format.py changed, reloading.
Watching for file changes with StatReloader
E:\development\Django\mPdigreeTest\employeeSystem\utils\date_format.py changed, reloading.
Watching for file changes with StatReloader
E:\development\Django\mPdigreeTest\employeeSystem\utils\date_format.py changed, reloading.
Watching for file changes with StatReloader
E:\development\Django\mPdigreeTest\employeeSystem\utils\date_format.py changed, reloading.
Watching for file changes with StatReloader
"GET /employees/add HTTP/1.1" 200 6429
Internal Server Error: /employees/add
Traceback (most recent call last):
  File "E:\development\Django\mPdigreeTest\venv\lib\site-packages\django\core\handlers\exception.py", line 47, in inner
    response = get_response(request)
  File "E:\development\Django\mPdigreeTest\venv\lib\site-packages\django\core\handlers\base.py", line 179, in _get_response
    response = wrapped_callback(request, *callback_args, **callback_kwargs)
  File "E:\development\Django\mPdigreeTest\employeeSystem\employees\views.py", line 30, in addEmployee
    date_of_birth = getAge(request.POST['date_of_birth'])
  File "E:\development\Django\mPdigreeTest\employeeSystem\utils\date_format.py", line 18, in getAge
    yearDiff = today.year - int(date.year)
AttributeError: 'str' object has no attribute 'year'
"POST /employees/add HTTP/1.1" 500 73260
E:\development\Django\mPdigreeTest\employeeSystem\employees\models.py changed, reloading.
Watching for file changes with StatReloader
E:\development\Django\mPdigreeTest\employeeSystem\employees\views.py changed, reloading.
Watching for file changes with StatReloader
E:\development\Django\mPdigreeTest\employeeSystem\employees\views.py changed, reloading.
Watching for file changes with StatReloader
Watching for file changes with StatReloader
"GET /employees/add HTTP/1.1" 200 6429
"GET /static/css/login.css HTTP/1.1" 304 0
"GET /employees/ HTTP/1.1" 200 8406
E:\development\Django\mPdigreeTest\employeeSystem\employees\views.py changed, reloading.
Watching for file changes with StatReloader
E:\development\Django\mPdigreeTest\employeeSystem\employees\views.py changed, reloading.
Watching for file changes with StatReloader
E:\development\Django\mPdigreeTest\employeeSystem\employees\views.py changed, reloading.
Watching for file changes with StatReloader
E:\development\Django\mPdigreeTest\employeeSystem\employees\views.py changed, reloading.
Watching for file changes with StatReloader
E:\development\Django\mPdigreeTest\employeeSystem\employees\views.py changed, reloading.
Watching for file changes with StatReloader
E:\development\Django\mPdigreeTest\employeeSystem\employees\views.py changed, reloading.
Watching for file changes with StatReloader
E:\development\Django\mPdigreeTest\employeeSystem\employees\views.py changed, reloading.
Watching for file changes with StatReloader
E:\development\Django\mPdigreeTest\employeeSystem\employees\views.py changed, reloading.
Watching for file changes with StatReloader
E:\development\Django\mPdigreeTest\employeeSystem\employees\views.py changed, reloading.
Watching for file changes with StatReloader
E:\development\Django\mPdigreeTest\employeeSystem\employees\views.py changed, reloading.
Watching for file changes with StatReloader
E:\development\Django\mPdigreeTest\employeeSystem\employees\views.py changed, reloading.
Watching for file changes with StatReloader
E:\development\Django\mPdigreeTest\employeeSystem\employees\views.py changed, reloading.
Watching for file changes with StatReloader
E:\development\Django\mPdigreeTest\employeeSystem\employees\views.py changed, reloading.
Watching for file changes with StatReloader
E:\development\Django\mPdigreeTest\employeeSystem\employees\views.py changed, reloading.
Watching for file changes with StatReloader
E:\development\Django\mPdigreeTest\employeeSystem\employees\views.py changed, reloading.
Watching for file changes with StatReloader
"GET /employees/ HTTP/1.1" 200 8406
E:\development\Django\mPdigreeTest\employeeSystem\employees\views.py changed, reloading.
Watching for file changes with StatReloader
E:\development\Django\mPdigreeTest\employeeSystem\employees\views.py changed, reloading.
Watching for file changes with StatReloader
E:\development\Django\mPdigreeTest\employeeSystem\employees\views.py changed, reloading.
Watching for file changes with StatReloader
E:\development\Django\mPdigreeTest\employeeSystem\employees\views.py changed, reloading.
Watching for file changes with StatReloader
E:\development\Django\mPdigreeTest\employeeSystem\employees\views.py changed, reloading.
Watching for file changes with StatReloader
E:\development\Django\mPdigreeTest\employeeSystem\employees\views.py changed, reloading.
Watching for file changes with StatReloader
E:\development\Django\mPdigreeTest\employeeSystem\employees\views.py changed, reloading.
Watching for file changes with StatReloader
E:\development\Django\mPdigreeTest\employeeSystem\employees\views.py changed, reloading.
Watching for file changes with StatReloader
Internal Server Error: /employees/
Traceback (most recent call last):
  File "E:\development\Django\mPdigreeTest\venv\lib\site-packages\django\core\handlers\exception.py", line 47, in inner
    response = get_response(request)
  File "E:\development\Django\mPdigreeTest\venv\lib\site-packages\django\core\handlers\base.py", line 179, in _get_response
    response = wrapped_callback(request, *callback_args, **callback_kwargs)
  File "E:\development\Django\mPdigreeTest\employeeSystem\employees\views.py", line 19, in employeeListView
    employees['age'] = age
TypeError: 'QuerySet' object does not support item assignment
"GET /employees/ HTTP/1.1" 500 67830
E:\development\Django\mPdigreeTest\employeeSystem\employees\views.py changed, reloading.
Watching for file changes with StatReloader
E:\development\Django\mPdigreeTest\employeeSystem\employees\views.py changed, reloading.
Watching for file changes with StatReloader
E:\development\Django\mPdigreeTest\employeeSystem\employees\views.py changed, reloading.
Watching for file changes with StatReloader
E:\development\Django\mPdigreeTest\employeeSystem\employees\views.py changed, reloading.
Watching for file changes with StatReloader
E:\development\Django\mPdigreeTest\employeeSystem\employees\views.py changed, reloading.
Watching for file changes with StatReloader
E:\development\Django\mPdigreeTest\employeeSystem\employees\views.py changed, reloading.
Watching for file changes with StatReloader
E:\development\Django\mPdigreeTest\employeeSystem\employees\views.py changed, reloading.
Watching for file changes with StatReloader
E:\development\Django\mPdigreeTest\employeeSystem\employees\models.py changed, reloading.
Watching for file changes with StatReloader
E:\development\Django\mPdigreeTest\employeeSystem\employees\models.py changed, reloading.
Watching for file changes with StatReloader
E:\development\Django\mPdigreeTest\employeeSystem\employees\views.py changed, reloading.
Watching for file changes with StatReloader
E:\development\Django\mPdigreeTest\employeeSystem\employees\views.py changed, reloading.
Watching for file changes with StatReloader
E:\development\Django\mPdigreeTest\employeeSystem\employees\views.py changed, reloading.
Watching for file changes with StatReloader
E:\development\Django\mPdigreeTest\employeeSystem\employees\views.py changed, reloading.
Watching for file changes with StatReloader
E:\development\Django\mPdigreeTest\employeeSystem\employees\views.py changed, reloading.
Watching for file changes with StatReloader
E:\development\Django\mPdigreeTest\employeeSystem\employees\views.py changed, reloading.
Watching for file changes with StatReloader
E:\development\Django\mPdigreeTest\employeeSystem\employees\views.py changed, reloading.
Watching for file changes with StatReloader
E:\development\Django\mPdigreeTest\employeeSystem\employees\views.py changed, reloading.
Watching for file changes with StatReloader
E:\development\Django\mPdigreeTest\employeeSystem\employees\views.py changed, reloading.
Watching for file changes with StatReloader
"GET / HTTP/1.1" 200 4432
"GET /static/css/base.css HTTP/1.1" 304 0
"GET /static/css/login.css HTTP/1.1" 304 0
"GET /static/css/home.css HTTP/1.1" 304 0
"GET /static/images/logo.png HTTP/1.1" 304 0
Watching for file changes with StatReloader
Watching for file changes with StatReloader
"GET /employees/ HTTP/1.1" 200 8446
"GET /employees/add HTTP/1.1" 200 6429
"POST /employees/add HTTP/1.1" 200 6673
Internal Server Error: /employees/add
Traceback (most recent call last):
  File "E:\development\Django\mPdigreeTest\venv\lib\site-packages\django\core\handlers\exception.py", line 47, in inner
    response = get_response(request)
  File "E:\development\Django\mPdigreeTest\venv\lib\site-packages\django\core\handlers\base.py", line 179, in _get_response
    response = wrapped_callback(request, *callback_args, **callback_kwargs)
  File "E:\development\Django\mPdigreeTest\employeeSystem\employees\views.py", line 30, in addEmployee
    date_of_birth = getAge(request.POST['date_of_birth'])
  File "E:\development\Django\mPdigreeTest\employeeSystem\utils\date_format.py", line 18, in getAge
    yearDiff = today.year - int(date.year)
AttributeError: 'str' object has no attribute 'year'
"POST /employees/add HTTP/1.1" 500 73243
E:\development\Django\mPdigreeTest\employeeSystem\employees\views.py changed, reloading.
Watching for file changes with StatReloader
"GET /employees/add HTTP/1.1" 200 6429
"POST /employees/add HTTP/1.1" 302 0
"GET /employees/congrats HTTP/1.1" 200 3640
"GET /static/images/winner.png HTTP/1.1" 304 0
E:\development\Django\mPdigreeTest\employeeSystem\employees\views.py changed, reloading.
Watching for file changes with StatReloader
E:\development\Django\mPdigreeTest\employeeSystem\employees\views.py changed, reloading.
Watching for file changes with StatReloader
"GET / HTTP/1.1" 200 4432
"GET / HTTP/1.1" 200 4432
"GET /employees/ HTTP/1.1" 200 8919
"GET /employees/add HTTP/1.1" 200 6429
Internal Server Error: /employees/add
Traceback (most recent call last):
  File "E:\development\Django\mPdigreeTest\venv\lib\site-packages\django\core\handlers\exception.py", line 47, in inner
    response = get_response(request)
  File "E:\development\Django\mPdigreeTest\venv\lib\site-packages\django\core\handlers\base.py", line 179, in _get_response
    response = wrapped_callback(request, *callback_args, **callback_kwargs)
  File "E:\development\Django\mPdigreeTest\employeeSystem\employees\views.py", line 33, in addEmployee
    print(getAge(employee.date_of_birth))
  File "E:\development\Django\mPdigreeTest\employeeSystem\utils\date_format.py", line 18, in getAge
    yearDiff = today.year - int(date.year)
AttributeError: 'str' object has no attribute 'year'
"POST /employees/add HTTP/1.1" 500 73372
E:\development\Django\mPdigreeTest\employeeSystem\employees\views.py changed, reloading.
Watching for file changes with StatReloader
E:\development\Django\mPdigreeTest\employeeSystem\employees\views.py changed, reloading.
Watching for file changes with StatReloader
E:\development\Django\mPdigreeTest\employeeSystem\employees\views.py changed, reloading.
Watching for file changes with StatReloader
E:\development\Django\mPdigreeTest\employeeSystem\employees\views.py changed, reloading.
Watching for file changes with StatReloader
E:\development\Django\mPdigreeTest\employeeSystem\employees\views.py changed, reloading.
Watching for file changes with StatReloader
E:\development\Django\mPdigreeTest\employeeSystem\employees\views.py changed, reloading.
Watching for file changes with StatReloader
E:\development\Django\mPdigreeTest\employeeSystem\employees\views.py changed, reloading.
Watching for file changes with StatReloader
E:\development\Django\mPdigreeTest\employeeSystem\employees\views.py changed, reloading.
Watching for file changes with StatReloader
E:\development\Django\mPdigreeTest\employeeSystem\employees\views.py changed, reloading.
Watching for file changes with StatReloader
E:\development\Django\mPdigreeTest\employeeSystem\employees\views.py changed, reloading.
Watching for file changes with StatReloader
E:\development\Django\mPdigreeTest\employeeSystem\employees\views.py changed, reloading.
Watching for file changes with StatReloader
E:\development\Django\mPdigreeTest\employeeSystem\employees\views.py changed, reloading.
Watching for file changes with StatReloader
E:\development\Django\mPdigreeTest\employeeSystem\employees\views.py changed, reloading.
Watching for file changes with StatReloader
E:\development\Django\mPdigreeTest\employeeSystem\employees\views.py changed, reloading.
Watching for file changes with StatReloader
E:\development\Django\mPdigreeTest\employeeSystem\employees\views.py changed, reloading.
Watching for file changes with StatReloader
E:\development\Django\mPdigreeTest\employeeSystem\employees\views.py changed, reloading.
Watching for file changes with StatReloader
E:\development\Django\mPdigreeTest\employeeSystem\employees\views.py changed, reloading.
Watching for file changes with StatReloader
"GET /employees/add HTTP/1.1" 200 6429
"POST /employees/add HTTP/1.1" 200 6676
Internal Server Error: /employees/add
Traceback (most recent call last):
  File "E:\development\Django\mPdigreeTest\venv\lib\site-packages\django\core\handlers\exception.py", line 47, in inner
    response = get_response(request)
  File "E:\development\Django\mPdigreeTest\venv\lib\site-packages\django\core\handlers\base.py", line 179, in _get_response
    response = wrapped_callback(request, *callback_args, **callback_kwargs)
  File "E:\development\Django\mPdigreeTest\employeeSystem\employees\views.py", line 35, in addEmployee
    print(getAge(new_emp.date_of_birth))
AttributeError: 'QuerySet' object has no attribute 'date_of_birth'
"POST /employees/add HTTP/1.1" 500 70034
E:\development\Django\mPdigreeTest\employeeSystem\employees\views.py changed, reloading.
Watching for file changes with StatReloader
"GET /employees/add HTTP/1.1" 200 6429
"POST /employees/add HTTP/1.1" 200 6673
"POST /employees/add HTTP/1.1" 302 0
"GET /employees/congrats HTTP/1.1" 200 3640
E:\development\Django\mPdigreeTest\employeeSystem\employees\views.py changed, reloading.
Watching for file changes with StatReloader
E:\development\Django\mPdigreeTest\employeeSystem\employees\views.py changed, reloading.
Watching for file changes with StatReloader
E:\development\Django\mPdigreeTest\employeeSystem\employees\views.py changed, reloading.
Watching for file changes with StatReloader
E:\development\Django\mPdigreeTest\employeeSystem\employees\views.py changed, reloading.
Watching for file changes with StatReloader
E:\development\Django\mPdigreeTest\employeeSystem\employees\views.py changed, reloading.
Watching for file changes with StatReloader
E:\development\Django\mPdigreeTest\employeeSystem\employees\views.py changed, reloading.
Watching for file changes with StatReloader
"GET / HTTP/1.1" 200 4432
"GET /employees/ HTTP/1.1" 200 10346
"GET /employees/add HTTP/1.1" 200 6429
"POST /employees/add HTTP/1.1" 302 0
"GET /employees/congrats HTTP/1.1" 200 3640
"GET / HTTP/1.1" 200 4432
"GET /employees/ HTTP/1.1" 200 10821
Watching for file changes with StatReloader
"GET /employees/ HTTP/1.1" 200 10852
"GET /static/css/login.css HTTP/1.1" 304 0
"GET /employees/ HTTP/1.1" 200 10852
"GET /employees/ HTTP/1.1" 200 10853
"GET /employees/ HTTP/1.1" 200 10865
E:\development\Django\mPdigreeTest\employeeSystem\utils\date_format.py changed, reloading.
Watching for file changes with StatReloader
E:\development\Django\mPdigreeTest\employeeSystem\utils\date_format.py changed, reloading.
Watching for file changes with StatReloader
E:\development\Django\mPdigreeTest\employeeSystem\utils\date_format.py changed, reloading.
Watching for file changes with StatReloader
E:\development\Django\mPdigreeTest\employeeSystem\utils\date_format.py changed, reloading.
Watching for file changes with StatReloader
E:\development\Django\mPdigreeTest\employeeSystem\utils\date_format.py changed, reloading.
Watching for file changes with StatReloader
E:\development\Django\mPdigreeTest\employeeSystem\employees\forms.py changed, reloading.
Watching for file changes with StatReloader
E:\development\Django\mPdigreeTest\employeeSystem\employees\forms.py changed, reloading.
Watching for file changes with StatReloader
E:\development\Django\mPdigreeTest\employeeSystem\employees\forms.py changed, reloading.
Watching for file changes with StatReloader
E:\development\Django\mPdigreeTest\employeeSystem\employees\forms.py changed, reloading.
Watching for file changes with StatReloader
E:\development\Django\mPdigreeTest\employeeSystem\employees\forms.py changed, reloading.
Watching for file changes with StatReloader
E:\development\Django\mPdigreeTest\employeeSystem\employees\forms.py changed, reloading.
Watching for file changes with StatReloader
E:\development\Django\mPdigreeTest\employeeSystem\employees\forms.py changed, reloading.
Watching for file changes with StatReloader
E:\development\Django\mPdigreeTest\employeeSystem\employees\forms.py changed, reloading.
Watching for file changes with StatReloader
E:\development\Django\mPdigreeTest\employeeSystem\employees\forms.py changed, reloading.
Watching for file changes with StatReloader
E:\development\Django\mPdigreeTest\employeeSystem\employees\forms.py changed, reloading.
Watching for file changes with StatReloader
E:\development\Django\mPdigreeTest\employeeSystem\employees\forms.py changed, reloading.
Watching for file changes with StatReloader
E:\development\Django\mPdigreeTest\employeeSystem\employees\forms.py changed, reloading.
Watching for file changes with StatReloader
E:\development\Django\mPdigreeTest\employeeSystem\employees\forms.py changed, reloading.
Watching for file changes with StatReloader
E:\development\Django\mPdigreeTest\employeeSystem\employees\forms.py changed, reloading.
Watching for file changes with StatReloader
E:\development\Django\mPdigreeTest\employeeSystem\employees\forms.py changed, reloading.
Watching for file changes with StatReloader
E:\development\Django\mPdigreeTest\employeeSystem\employees\forms.py changed, reloading.
Watching for file changes with StatReloader
E:\development\Django\mPdigreeTest\employeeSystem\employees\forms.py changed, reloading.
Watching for file changes with StatReloader
E:\development\Django\mPdigreeTest\employeeSystem\employees\forms.py changed, reloading.
Watching for file changes with StatReloader
E:\development\Django\mPdigreeTest\employeeSystem\employees\forms.py changed, reloading.
Watching for file changes with StatReloader
E:\development\Django\mPdigreeTest\employeeSystem\employees\forms.py changed, reloading.
Watching for file changes with StatReloader
E:\development\Django\mPdigreeTest\employeeSystem\employees\forms.py changed, reloading.
Watching for file changes with StatReloader
E:\development\Django\mPdigreeTest\employeeSystem\employees\forms.py changed, reloading.
Watching for file changes with StatReloader
E:\development\Django\mPdigreeTest\employeeSystem\employees\forms.py changed, reloading.
Watching for file changes with StatReloader
E:\development\Django\mPdigreeTest\employeeSystem\employees\forms.py changed, reloading.
Watching for file changes with StatReloader
E:\development\Django\mPdigreeTest\employeeSystem\employees\forms.py changed, reloading.
Watching for file changes with StatReloader
E:\development\Django\mPdigreeTest\employeeSystem\employees\forms.py changed, reloading.
Watching for file changes with StatReloader
E:\development\Django\mPdigreeTest\employeeSystem\employees\forms.py changed, reloading.
Watching for file changes with StatReloader
E:\development\Django\mPdigreeTest\employeeSystem\employees\forms.py changed, reloading.
Watching for file changes with StatReloader
E:\development\Django\mPdigreeTest\employeeSystem\employees\forms.py changed, reloading.
Watching for file changes with StatReloader
E:\development\Django\mPdigreeTest\employeeSystem\employees\forms.py changed, reloading.
Watching for file changes with StatReloader
E:\development\Django\mPdigreeTest\employeeSystem\employees\forms.py changed, reloading.
Watching for file changes with StatReloader
E:\development\Django\mPdigreeTest\employeeSystem\employees\forms.py changed, reloading.
Watching for file changes with StatReloader
E:\development\Django\mPdigreeTest\employeeSystem\employees\forms.py changed, reloading.
Watching for file changes with StatReloader
E:\development\Django\mPdigreeTest\employeeSystem\employees\forms.py changed, reloading.
Watching for file changes with StatReloader
E:\development\Django\mPdigreeTest\employeeSystem\employees\forms.py changed, reloading.
Watching for file changes with StatReloader
E:\development\Django\mPdigreeTest\employeeSystem\employees\forms.py changed, reloading.
Watching for file changes with StatReloader
E:\development\Django\mPdigreeTest\employeeSystem\employees\forms.py changed, reloading.
Watching for file changes with StatReloader
E:\development\Django\mPdigreeTest\employeeSystem\employees\forms.py changed, reloading.
Watching for file changes with StatReloader
"GET /employees/add HTTP/1.1" 200 6429
"GET /static/css/base.css HTTP/1.1" 304 0
"GET /static/css/login.css HTTP/1.1" 304 0
"POST /employees/add HTTP/1.1" 302 0
"GET /employees/congrats HTTP/1.1" 200 3640
"GET /employees/ HTTP/1.1" 200 11294
"GET /employees/ HTTP/1.1" 200 11294
E:\development\Django\mPdigreeTest\employeeSystem\employees\views.py changed, reloading.
Watching for file changes with StatReloader
E:\development\Django\mPdigreeTest\employeeSystem\employees\views.py changed, reloading.
Watching for file changes with StatReloader
E:\development\Django\mPdigreeTest\employeeSystem\employees\views.py changed, reloading.
Watching for file changes with StatReloader
E:\development\Django\mPdigreeTest\employeeSystem\employees\views.py changed, reloading.
Watching for file changes with StatReloader
E:\development\Django\mPdigreeTest\employeeSystem\employees\views.py changed, reloading.
Watching for file changes with StatReloader
E:\development\Django\mPdigreeTest\employeeSystem\employees\views.py changed, reloading.
Watching for file changes with StatReloader
E:\development\Django\mPdigreeTest\employeeSystem\employees\views.py changed, reloading.
Watching for file changes with StatReloader
E:\development\Django\mPdigreeTest\employeeSystem\employees\views.py changed, reloading.
Watching for file changes with StatReloader
E:\development\Django\mPdigreeTest\employeeSystem\employees\views.py changed, reloading.
Watching for file changes with StatReloader
E:\development\Django\mPdigreeTest\employeeSystem\employees\views.py changed, reloading.
Watching for file changes with StatReloader
E:\development\Django\mPdigreeTest\employeeSystem\employees\views.py changed, reloading.
Watching for file changes with StatReloader
E:\development\Django\mPdigreeTest\employeeSystem\employees\views.py changed, reloading.
Watching for file changes with StatReloader
E:\development\Django\mPdigreeTest\employeeSystem\employees\views.py changed, reloading.
Watching for file changes with StatReloader
E:\development\Django\mPdigreeTest\employeeSystem\employees\views.py changed, reloading.
Watching for file changes with StatReloader
E:\development\Django\mPdigreeTest\employeeSystem\employees\views.py changed, reloading.
Watching for file changes with StatReloader
E:\development\Django\mPdigreeTest\employeeSystem\employees\views.py changed, reloading.
Watching for file changes with StatReloader
E:\development\Django\mPdigreeTest\employeeSystem\employees\views.py changed, reloading.
Watching for file changes with StatReloader
E:\development\Django\mPdigreeTest\employeeSystem\employees\views.py changed, reloading.
Watching for file changes with StatReloader
E:\development\Django\mPdigreeTest\employeeSystem\employees\views.py changed, reloading.
Watching for file changes with StatReloader
E:\development\Django\mPdigreeTest\employeeSystem\employees\views.py changed, reloading.
Watching for file changes with StatReloader
E:\development\Django\mPdigreeTest\employeeSystem\employees\views.py changed, reloading.
Watching for file changes with StatReloader
E:\development\Django\mPdigreeTest\employeeSystem\employees\views.py changed, reloading.
Watching for file changes with StatReloader
E:\development\Django\mPdigreeTest\employeeSystem\employees\views.py changed, reloading.
Watching for file changes with StatReloader
E:\development\Django\mPdigreeTest\employeeSystem\employees\views.py changed, reloading.
Watching for file changes with StatReloader
E:\development\Django\mPdigreeTest\employeeSystem\employees\views.py changed, reloading.
Watching for file changes with StatReloader
E:\development\Django\mPdigreeTest\employeeSystem\employees\views.py changed, reloading.
Watching for file changes with StatReloader
E:\development\Django\mPdigreeTest\employeeSystem\employees\views.py changed, reloading.
Watching for file changes with StatReloader
E:\development\Django\mPdigreeTest\employeeSystem\employees\views.py changed, reloading.
Watching for file changes with StatReloader
E:\development\Django\mPdigreeTest\employeeSystem\employees\views.py changed, reloading.
Watching for file changes with StatReloader
E:\development\Django\mPdigreeTest\employeeSystem\employees\views.py changed, reloading.
Watching for file changes with StatReloader
E:\development\Django\mPdigreeTest\employeeSystem\employees\views.py changed, reloading.
Watching for file changes with StatReloader
E:\development\Django\mPdigreeTest\employeeSystem\employees\views.py changed, reloading.
Watching for file changes with StatReloader
E:\development\Django\mPdigreeTest\employeeSystem\employees\views.py changed, reloading.
Watching for file changes with StatReloader
E:\development\Django\mPdigreeTest\employeeSystem\employees\views.py changed, reloading.
Watching for file changes with StatReloader
E:\development\Django\mPdigreeTest\employeeSystem\employees\views.py changed, reloading.
Watching for file changes with StatReloader
E:\development\Django\mPdigreeTest\employeeSystem\employees\views.py changed, reloading.
Watching for file changes with StatReloader
E:\development\Django\mPdigreeTest\employeeSystem\employees\views.py changed, reloading.
Watching for file changes with StatReloader
E:\development\Django\mPdigreeTest\employeeSystem\employees\views.py changed, reloading.
Watching for file changes with StatReloader
E:\development\Django\mPdigreeTest\employeeSystem\employees\views.py changed, reloading.
Watching for file changes with StatReloader
E:\development\Django\mPdigreeTest\employeeSystem\employees\views.py changed, reloading.
Watching for file changes with StatReloader
E:\development\Django\mPdigreeTest\employeeSystem\employees\views.py changed, reloading.
Watching for file changes with StatReloader
E:\development\Django\mPdigreeTest\employeeSystem\employees\views.py changed, reloading.
Watching for file changes with StatReloader
E:\development\Django\mPdigreeTest\employeeSystem\employees\views.py changed, reloading.
Watching for file changes with StatReloader
E:\development\Django\mPdigreeTest\employeeSystem\employees\views.py changed, reloading.
Watching for file changes with StatReloader
E:\development\Django\mPdigreeTest\employeeSystem\employees\views.py changed, reloading.
Watching for file changes with StatReloader
E:\development\Django\mPdigreeTest\employeeSystem\employees\views.py changed, reloading.
Watching for file changes with StatReloader
E:\development\Django\mPdigreeTest\employeeSystem\employees\views.py changed, reloading.
Watching for file changes with StatReloader
E:\development\Django\mPdigreeTest\employeeSystem\employees\views.py changed, reloading.
Watching for file changes with StatReloader
E:\development\Django\mPdigreeTest\employeeSystem\employees\views.py changed, reloading.
Watching for file changes with StatReloader
E:\development\Django\mPdigreeTest\employeeSystem\employees\views.py changed, reloading.
Watching for file changes with StatReloader
E:\development\Django\mPdigreeTest\employeeSystem\employees\views.py changed, reloading.
Watching for file changes with StatReloader
E:\development\Django\mPdigreeTest\employeeSystem\employees\views.py changed, reloading.
Watching for file changes with StatReloader
E:\development\Django\mPdigreeTest\employeeSystem\employees\views.py changed, reloading.
Watching for file changes with StatReloader
E:\development\Django\mPdigreeTest\employeeSystem\employees\views.py changed, reloading.
Watching for file changes with StatReloader
E:\development\Django\mPdigreeTest\employeeSystem\employees\views.py changed, reloading.
Watching for file changes with StatReloader
E:\development\Django\mPdigreeTest\employeeSystem\employees\views.py changed, reloading.
Watching for file changes with StatReloader
E:\development\Django\mPdigreeTest\employeeSystem\employees\views.py changed, reloading.
Watching for file changes with StatReloader
E:\development\Django\mPdigreeTest\employeeSystem\employees\views.py changed, reloading.
Watching for file changes with StatReloader
E:\development\Django\mPdigreeTest\employeeSystem\employees\views.py changed, reloading.
Watching for file changes with StatReloader
E:\development\Django\mPdigreeTest\employeeSystem\employees\views.py changed, reloading.
Watching for file changes with StatReloader
E:\development\Django\mPdigreeTest\employeeSystem\employees\views.py changed, reloading.
Watching for file changes with StatReloader
E:\development\Django\mPdigreeTest\employeeSystem\employees\views.py changed, reloading.
Watching for file changes with StatReloader
E:\development\Django\mPdigreeTest\employeeSystem\employees\views.py changed, reloading.
Watching for file changes with StatReloader
E:\development\Django\mPdigreeTest\employeeSystem\employees\views.py changed, reloading.
Watching for file changes with StatReloader
E:\development\Django\mPdigreeTest\employeeSystem\employees\views.py changed, reloading.
Watching for file changes with StatReloader
E:\development\Django\mPdigreeTest\employeeSystem\employees\views.py changed, reloading.
Watching for file changes with StatReloader
E:\development\Django\mPdigreeTest\employeeSystem\employees\views.py changed, reloading.
Watching for file changes with StatReloader
E:\development\Django\mPdigreeTest\employeeSystem\employees\views.py changed, reloading.
Watching for file changes with StatReloader
E:\development\Django\mPdigreeTest\employeeSystem\employees\task.py changed, reloading.
Watching for file changes with StatReloader
E:\development\Django\mPdigreeTest\employeeSystem\employees\task.py changed, reloading.
Watching for file changes with StatReloader
E:\development\Django\mPdigreeTest\employeeSystem\employees\task.py changed, reloading.
Watching for file changes with StatReloader
E:\development\Django\mPdigreeTest\employeeSystem\employees\task.py changed, reloading.
Watching for file changes with StatReloader
E:\development\Django\mPdigreeTest\employeeSystem\employees\task.py changed, reloading.
Watching for file changes with StatReloader
E:\development\Django\mPdigreeTest\employeeSystem\employees\task.py changed, reloading.
Watching for file changes with StatReloader
E:\development\Django\mPdigreeTest\employeeSystem\employees\task.py changed, reloading.
Watching for file changes with StatReloader
E:\development\Django\mPdigreeTest\employeeSystem\employees\task.py changed, reloading.
Watching for file changes with StatReloader
E:\development\Django\mPdigreeTest\employeeSystem\employees\task.py changed, reloading.
Watching for file changes with StatReloader
E:\development\Django\mPdigreeTest\employeeSystem\employees\task.py changed, reloading.
Watching for file changes with StatReloader
E:\development\Django\mPdigreeTest\employeeSystem\employees\task.py changed, reloading.
Watching for file changes with StatReloader
E:\development\Django\mPdigreeTest\employeeSystem\employees\task.py changed, reloading.
Watching for file changes with StatReloader
E:\development\Django\mPdigreeTest\employeeSystem\utils\excel_utils.py changed, reloading.
Watching for file changes with StatReloader
E:\development\Django\mPdigreeTest\employeeSystem\utils\excel_utils.py changed, reloading.
Watching for file changes with StatReloader
E:\development\Django\mPdigreeTest\employeeSystem\utils\excel_utils.py changed, reloading.
Watching for file changes with StatReloader
E:\development\Django\mPdigreeTest\employeeSystem\utils\excel_utils.py changed, reloading.
Watching for file changes with StatReloader
E:\development\Django\mPdigreeTest\employeeSystem\utils\excel_utils.py changed, reloading.
Watching for file changes with StatReloader
E:\development\Django\mPdigreeTest\employeeSystem\utils\excel_utils.py changed, reloading.
Watching for file changes with StatReloader
E:\development\Django\mPdigreeTest\employeeSystem\utils\excel_utils.py changed, reloading.
Watching for file changes with StatReloader
E:\development\Django\mPdigreeTest\employeeSystem\utils\excel_utils.py changed, reloading.
Watching for file changes with StatReloader
E:\development\Django\mPdigreeTest\employeeSystem\utils\excel_utils.py changed, reloading.
Watching for file changes with StatReloader
E:\development\Django\mPdigreeTest\employeeSystem\utils\excel_utils.py changed, reloading.
Watching for file changes with StatReloader
E:\development\Django\mPdigreeTest\employeeSystem\utils\excel_utils.py changed, reloading.
Watching for file changes with StatReloader
E:\development\Django\mPdigreeTest\employeeSystem\utils\excel_utils.py changed, reloading.
Watching for file changes with StatReloader
E:\development\Django\mPdigreeTest\employeeSystem\utils\excel_utils.py changed, reloading.
Watching for file changes with StatReloader
E:\development\Django\mPdigreeTest\employeeSystem\utils\excel_utils.py changed, reloading.
Watching for file changes with StatReloader
E:\development\Django\mPdigreeTest\employeeSystem\utils\excel_utils.py changed, reloading.
Watching for file changes with StatReloader
E:\development\Django\mPdigreeTest\employeeSystem\utils\excel_utils.py changed, reloading.
Watching for file changes with StatReloader
E:\development\Django\mPdigreeTest\employeeSystem\utils\excel_utils.py changed, reloading.
Watching for file changes with StatReloader
E:\development\Django\mPdigreeTest\employeeSystem\utils\excel_utils.py changed, reloading.
Watching for file changes with StatReloader
E:\development\Django\mPdigreeTest\employeeSystem\utils\excel_utils.py changed, reloading.
Watching for file changes with StatReloader
E:\development\Django\mPdigreeTest\employeeSystem\utils\excel_utils.py changed, reloading.
Watching for file changes with StatReloader
E:\development\Django\mPdigreeTest\employeeSystem\employees\forms.py changed, reloading.
Watching for file changes with StatReloader
E:\development\Django\mPdigreeTest\employeeSystem\employees\forms.py changed, reloading.
Watching for file changes with StatReloader
E:\development\Django\mPdigreeTest\employeeSystem\employees\forms.py changed, reloading.
Watching for file changes with StatReloader
E:\development\Django\mPdigreeTest\employeeSystem\employees\forms.py changed, reloading.
Watching for file changes with StatReloader
E:\development\Django\mPdigreeTest\employeeSystem\employees\forms.py changed, reloading.
Watching for file changes with StatReloader
E:\development\Django\mPdigreeTest\employeeSystem\employees\forms.py changed, reloading.
Watching for file changes with StatReloader
E:\development\Django\mPdigreeTest\employeeSystem\employees\forms.py changed, reloading.
Watching for file changes with StatReloader
E:\development\Django\mPdigreeTest\employeeSystem\employees\forms.py changed, reloading.
Watching for file changes with StatReloader
E:\development\Django\mPdigreeTest\employeeSystem\employees\forms.py changed, reloading.
Watching for file changes with StatReloader
E:\development\Django\mPdigreeTest\employeeSystem\employees\forms.py changed, reloading.
Watching for file changes with StatReloader
E:\development\Django\mPdigreeTest\employeeSystem\employees\forms.py changed, reloading.
Watching for file changes with StatReloader
E:\development\Django\mPdigreeTest\employeeSystem\employees\forms.py changed, reloading.
Watching for file changes with StatReloader
E:\development\Django\mPdigreeTest\employeeSystem\employees\forms.py changed, reloading.
Watching for file changes with StatReloader
E:\development\Django\mPdigreeTest\employeeSystem\employees\forms.py changed, reloading.
Watching for file changes with StatReloader
E:\development\Django\mPdigreeTest\employeeSystem\employees\forms.py changed, reloading.
Watching for file changes with StatReloader
E:\development\Django\mPdigreeTest\employeeSystem\employees\forms.py changed, reloading.
Watching for file changes with StatReloader
E:\development\Django\mPdigreeTest\employeeSystem\employees\forms.py changed, reloading.
Watching for file changes with StatReloader
E:\development\Django\mPdigreeTest\employeeSystem\employees\forms.py changed, reloading.
Watching for file changes with StatReloader
E:\development\Django\mPdigreeTest\employeeSystem\employees\forms.py changed, reloading.
Watching for file changes with StatReloader
E:\development\Django\mPdigreeTest\employeeSystem\employees\forms.py changed, reloading.
Watching for file changes with StatReloader
E:\development\Django\mPdigreeTest\employeeSystem\employees\forms.py changed, reloading.
Watching for file changes with StatReloader
E:\development\Django\mPdigreeTest\employeeSystem\employees\forms.py changed, reloading.
Watching for file changes with StatReloader
E:\development\Django\mPdigreeTest\employeeSystem\employees\forms.py changed, reloading.
Watching for file changes with StatReloader
"GET / HTTP/1.1" 200 4432
"GET /static/css/base.css HTTP/1.1" 304 0
"GET /static/css/login.css HTTP/1.1" 304 0
"GET /static/css/home.css HTTP/1.1" 304 0
"GET /employees/add-bulk HTTP/1.1" 200 4661
Internal Server Error: /employees/add-bulk
Traceback (most recent call last):
  File "E:\development\Django\mPdigreeTest\venv\lib\site-packages\django\core\handlers\exception.py", line 47, in inner
    response = get_response(request)
  File "E:\development\Django\mPdigreeTest\venv\lib\site-packages\django\core\handlers\base.py", line 179, in _get_response
    response = wrapped_callback(request, *callback_args, **callback_kwargs)
  File "E:\development\Django\mPdigreeTest\employeeSystem\employees\views.py", line 108, in uploadExcelPageView
    if form.is_valid():
  File "E:\development\Django\mPdigreeTest\venv\lib\site-packages\django\forms\forms.py", line 177, in is_valid
    return self.is_bound and not self.errors
  File "E:\development\Django\mPdigreeTest\venv\lib\site-packages\django\forms\forms.py", line 172, in errors
    self.full_clean()
  File "E:\development\Django\mPdigreeTest\venv\lib\site-packages\django\forms\forms.py", line 375, in full_clean
    self._clean_form()
  File "E:\development\Django\mPdigreeTest\venv\lib\site-packages\django\forms\forms.py", line 402, in _clean_form
    cleaned_data = self.clean()
  File "E:\development\Django\mPdigreeTest\employeeSystem\employees\forms.py", line 79, in clean
    if len(loadWorksheet(file).rows) != 8:
TypeError: object of type 'generator' has no len()
"POST /employees/add-bulk HTTP/1.1" 500 87065
E:\development\Django\mPdigreeTest\employeeSystem\employees\forms.py changed, reloading.
Watching for file changes with StatReloader
E:\development\Django\mPdigreeTest\employeeSystem\employees\forms.py changed, reloading.
Watching for file changes with StatReloader
E:\development\Django\mPdigreeTest\employeeSystem\employees\forms.py changed, reloading.
Watching for file changes with StatReloader
"GET /employees/add-bulk HTTP/1.1" 200 4661
"POST /employees/add-bulk HTTP/1.1" 200 4850
"POST /employees/add-bulk HTTP/1.1" 200 4850
"POST /employees/add-bulk HTTP/1.1" 200 4850
E:\development\Django\mPdigreeTest\employeeSystem\employees\forms.py changed, reloading.
Watching for file changes with StatReloader
E:\development\Django\mPdigreeTest\employeeSystem\employees\forms.py changed, reloading.
Watching for file changes with StatReloader
E:\development\Django\mPdigreeTest\employeeSystem\employees\forms.py changed, reloading.
Watching for file changes with StatReloader
E:\development\Django\mPdigreeTest\employeeSystem\employees\forms.py changed, reloading.
Watching for file changes with StatReloader
E:\development\Django\mPdigreeTest\employeeSystem\employees\forms.py changed, reloading.
Watching for file changes with StatReloader
E:\development\Django\mPdigreeTest\employeeSystem\employees\forms.py changed, reloading.
Watching for file changes with StatReloader
E:\development\Django\mPdigreeTest\employeeSystem\employees\forms.py changed, reloading.
Watching for file changes with StatReloader
E:\development\Django\mPdigreeTest\employeeSystem\employees\forms.py changed, reloading.
Watching for file changes with StatReloader
E:\development\Django\mPdigreeTest\employeeSystem\employees\forms.py changed, reloading.
Watching for file changes with StatReloader
E:\development\Django\mPdigreeTest\employeeSystem\employees\forms.py changed, reloading.
Watching for file changes with StatReloader
"POST /employees/add-bulk HTTP/1.1" 200 4850
E:\development\Django\mPdigreeTest\employeeSystem\employees\forms.py changed, reloading.
Watching for file changes with StatReloader
E:\development\Django\mPdigreeTest\employeeSystem\employees\forms.py changed, reloading.
Watching for file changes with StatReloader
E:\development\Django\mPdigreeTest\employeeSystem\employees\forms.py changed, reloading.
Watching for file changes with StatReloader
E:\development\Django\mPdigreeTest\employeeSystem\employees\forms.py changed, reloading.
Watching for file changes with StatReloader
"POST /employees/add-bulk HTTP/1.1" 200 4850
E:\development\Django\mPdigreeTest\employeeSystem\employees\forms.py changed, reloading.
Watching for file changes with StatReloader
E:\development\Django\mPdigreeTest\employeeSystem\employees\forms.py changed, reloading.
Watching for file changes with StatReloader
"GET /employees/add-bulk HTTP/1.1" 200 4661
Internal Server Error: /employees/add-bulk
Traceback (most recent call last):
  File "E:\development\Django\mPdigreeTest\venv\lib\site-packages\django\core\handlers\exception.py", line 47, in inner
    response = get_response(request)
  File "E:\development\Django\mPdigreeTest\venv\lib\site-packages\django\core\handlers\base.py", line 179, in _get_response
    response = wrapped_callback(request, *callback_args, **callback_kwargs)
  File "E:\development\Django\mPdigreeTest\employeeSystem\employees\views.py", line 108, in uploadExcelPageView
    if form.is_valid():
  File "E:\development\Django\mPdigreeTest\venv\lib\site-packages\django\forms\forms.py", line 177, in is_valid
    return self.is_bound and not self.errors
  File "E:\development\Django\mPdigreeTest\venv\lib\site-packages\django\forms\forms.py", line 172, in errors
    self.full_clean()
  File "E:\development\Django\mPdigreeTest\venv\lib\site-packages\django\forms\forms.py", line 375, in full_clean
    self._clean_form()
  File "E:\development\Django\mPdigreeTest\venv\lib\site-packages\django\forms\forms.py", line 402, in _clean_form
    cleaned_data = self.clean()
  File "E:\development\Django\mPdigreeTest\employeeSystem\employees\forms.py", line 79, in clean
    print(list(loadWorksheet(file).rows[0]))
TypeError: 'generator' object is not subscriptable
"POST /employees/add-bulk HTTP/1.1" 500 87447
E:\development\Django\mPdigreeTest\employeeSystem\employees\forms.py changed, reloading.
Watching for file changes with StatReloader
E:\development\Django\mPdigreeTest\employeeSystem\utils\excel_utils.py changed, reloading.
Watching for file changes with StatReloader
E:\development\Django\mPdigreeTest\employeeSystem\utils\excel_utils.py changed, reloading.
Watching for file changes with StatReloader
E:\development\Django\mPdigreeTest\employeeSystem\utils\excel_utils.py changed, reloading.
Watching for file changes with StatReloader
E:\development\Django\mPdigreeTest\employeeSystem\utils\excel_utils.py changed, reloading.
Watching for file changes with StatReloader
E:\development\Django\mPdigreeTest\employeeSystem\utils\excel_utils.py changed, reloading.
Watching for file changes with StatReloader
E:\development\Django\mPdigreeTest\employeeSystem\utils\excel_utils.py changed, reloading.
Watching for file changes with StatReloader
E:\development\Django\mPdigreeTest\employeeSystem\utils\excel_utils.py changed, reloading.
Watching for file changes with StatReloader
E:\development\Django\mPdigreeTest\employeeSystem\utils\excel_utils.py changed, reloading.
Watching for file changes with StatReloader
E:\development\Django\mPdigreeTest\employeeSystem\utils\excel_utils.py changed, reloading.
Watching for file changes with StatReloader
E:\development\Django\mPdigreeTest\employeeSystem\utils\excel_utils.py changed, reloading.
Watching for file changes with StatReloader
E:\development\Django\mPdigreeTest\employeeSystem\utils\excel_utils.py changed, reloading.
Watching for file changes with StatReloader
E:\development\Django\mPdigreeTest\employeeSystem\utils\excel_utils.py changed, reloading.
Watching for file changes with StatReloader
E:\development\Django\mPdigreeTest\employeeSystem\utils\excel_utils.py changed, reloading.
Watching for file changes with StatReloader
E:\development\Django\mPdigreeTest\employeeSystem\utils\excel_utils.py changed, reloading.
Watching for file changes with StatReloader
E:\development\Django\mPdigreeTest\employeeSystem\utils\excel_utils.py changed, reloading.
Watching for file changes with StatReloader
E:\development\Django\mPdigreeTest\employeeSystem\utils\excel_utils.py changed, reloading.
Watching for file changes with StatReloader
"GET /employees/add-bulk HTTP/1.1" 200 4661
Internal Server Error: /employees/add-bulk
Traceback (most recent call last):
  File "E:\development\Django\mPdigreeTest\venv\lib\site-packages\django\core\handlers\exception.py", line 47, in inner
    response = get_response(request)
  File "E:\development\Django\mPdigreeTest\venv\lib\site-packages\django\core\handlers\base.py", line 179, in _get_response
    response = wrapped_callback(request, *callback_args, **callback_kwargs)
  File "E:\development\Django\mPdigreeTest\employeeSystem\employees\views.py", line 108, in uploadExcelPageView
    if form.is_valid():
  File "E:\development\Django\mPdigreeTest\venv\lib\site-packages\django\forms\forms.py", line 177, in is_valid
    return self.is_bound and not self.errors
  File "E:\development\Django\mPdigreeTest\venv\lib\site-packages\django\forms\forms.py", line 172, in errors
    self.full_clean()
  File "E:\development\Django\mPdigreeTest\venv\lib\site-packages\django\forms\forms.py", line 375, in full_clean
    self._clean_form()
  File "E:\development\Django\mPdigreeTest\venv\lib\site-packages\django\forms\forms.py", line 402, in _clean_form
    cleaned_data = self.clean()
  File "E:\development\Django\mPdigreeTest\employeeSystem\employees\forms.py", line 78, in clean
    num_column = len(list(loadWorksheet(file)[0]))
  File "E:\development\Django\mPdigreeTest\venv\lib\site-packages\openpyxl\worksheet\worksheet.py", line 293, in __getitem__
    raise IndexError("{0} is not a valid coordinate or range".format(key))
IndexError: 0 is not a valid coordinate or range
"POST /employees/add-bulk HTTP/1.1" 500 91811
E:\development\Django\mPdigreeTest\employeeSystem\employees\forms.py changed, reloading.
Watching for file changes with StatReloader
"GET /employees/add-bulk HTTP/1.1" 200 4661
"POST /employees/add-bulk HTTP/1.1" 200 4850
E:\development\Django\mPdigreeTest\employeeSystem\employees\forms.py changed, reloading.
Watching for file changes with StatReloader
E:\development\Django\mPdigreeTest\employeeSystem\employees\forms.py changed, reloading.
Watching for file changes with StatReloader
E:\development\Django\mPdigreeTest\employeeSystem\employees\forms.py changed, reloading.
Watching for file changes with StatReloader
E:\development\Django\mPdigreeTest\employeeSystem\employees\forms.py changed, reloading.
Watching for file changes with StatReloader
E:\development\Django\mPdigreeTest\employeeSystem\employees\forms.py changed, reloading.
Watching for file changes with StatReloader
E:\development\Django\mPdigreeTest\employeeSystem\employees\forms.py changed, reloading.
Watching for file changes with StatReloader
E:\development\Django\mPdigreeTest\employeeSystem\employees\forms.py changed, reloading.
Watching for file changes with StatReloader
E:\development\Django\mPdigreeTest\employeeSystem\employees\forms.py changed, reloading.
Watching for file changes with StatReloader
E:\development\Django\mPdigreeTest\employeeSystem\employees\forms.py changed, reloading.
Watching for file changes with StatReloader
Internal Server Error: /employees/add-bulk
Traceback (most recent call last):
  File "E:\development\Django\mPdigreeTest\venv\lib\site-packages\django\core\handlers\exception.py", line 47, in inner
    response = get_response(request)
  File "E:\development\Django\mPdigreeTest\venv\lib\site-packages\django\core\handlers\base.py", line 179, in _get_response
    response = wrapped_callback(request, *callback_args, **callback_kwargs)
  File "E:\development\Django\mPdigreeTest\employeeSystem\employees\views.py", line 108, in uploadExcelPageView
    if form.is_valid():
  File "E:\development\Django\mPdigreeTest\venv\lib\site-packages\django\forms\forms.py", line 177, in is_valid
    return self.is_bound and not self.errors
  File "E:\development\Django\mPdigreeTest\venv\lib\site-packages\django\forms\forms.py", line 172, in errors
    self.full_clean()
  File "E:\development\Django\mPdigreeTest\venv\lib\site-packages\django\forms\forms.py", line 375, in full_clean
    self._clean_form()
  File "E:\development\Django\mPdigreeTest\venv\lib\site-packages\django\forms\forms.py", line 402, in _clean_form
    cleaned_data = self.clean()
  File "E:\development\Django\mPdigreeTest\employeeSystem\employees\forms.py", line 81, in clean
    if num_column != 8:
NameError: name 'num_column' is not defined
"POST /employees/add-bulk HTTP/1.1" 500 87147
E:\development\Django\mPdigreeTest\employeeSystem\employees\forms.py changed, reloading.
Watching for file changes with StatReloader
"GET /employees/add-bulk HTTP/1.1" 200 4661
Internal Server Error: /employees/add-bulk
Traceback (most recent call last):
  File "E:\development\Django\mPdigreeTest\venv\lib\site-packages\django\core\handlers\exception.py", line 47, in inner
    response = get_response(request)
  File "E:\development\Django\mPdigreeTest\venv\lib\site-packages\django\core\handlers\base.py", line 179, in _get_response
    response = wrapped_callback(request, *callback_args, **callback_kwargs)
  File "E:\development\Django\mPdigreeTest\employeeSystem\employees\views.py", line 124, in uploadExcelPageView
    createEmployee(row)
  File "E:\development\Django\mPdigreeTest\venv\lib\site-packages\celery\local.py", line 188, in __call__
    return self._get_current_object()(*a, **kw)
  File "E:\development\Django\mPdigreeTest\venv\lib\site-packages\celery\app\task.py", line 388, in __call__
    return self.run(*args, **kwargs)
  File "E:\development\Django\mPdigreeTest\employeeSystem\employees\task.py", line 8, in createEmployee
    user = User.objects.create(password = data[3],email = data[2])
NameError: name 'User' is not defined
"POST /employees/add-bulk HTTP/1.1" 500 81163
E:\development\Django\mPdigreeTest\employeeSystem\employees\forms.py changed, reloading.
Watching for file changes with StatReloader
E:\development\Django\mPdigreeTest\employeeSystem\employees\forms.py changed, reloading.
Watching for file changes with StatReloader
E:\development\Django\mPdigreeTest\employeeSystem\employees\forms.py changed, reloading.
Watching for file changes with StatReloader
E:\development\Django\mPdigreeTest\employeeSystem\employees\forms.py changed, reloading.
Watching for file changes with StatReloader
E:\development\Django\mPdigreeTest\employeeSystem\employees\forms.py changed, reloading.
Watching for file changes with StatReloader
E:\development\Django\mPdigreeTest\employeeSystem\employees\forms.py changed, reloading.
Watching for file changes with StatReloader
E:\development\Django\mPdigreeTest\employeeSystem\employees\forms.py changed, reloading.
Watching for file changes with StatReloader
E:\development\Django\mPdigreeTest\employeeSystem\employees\forms.py changed, reloading.
Watching for file changes with StatReloader
E:\development\Django\mPdigreeTest\employeeSystem\employees\forms.py changed, reloading.
Watching for file changes with StatReloader
"GET /employees/add-bulk HTTP/1.1" 200 4661
Internal Server Error: /employees/add-bulk
Traceback (most recent call last):
  File "E:\development\Django\mPdigreeTest\venv\lib\site-packages\django\core\handlers\exception.py", line 47, in inner
    response = get_response(request)
  File "E:\development\Django\mPdigreeTest\venv\lib\site-packages\django\core\handlers\base.py", line 179, in _get_response
    response = wrapped_callback(request, *callback_args, **callback_kwargs)
  File "E:\development\Django\mPdigreeTest\employeeSystem\employees\views.py", line 108, in uploadExcelPageView
    if form.is_valid():
  File "E:\development\Django\mPdigreeTest\venv\lib\site-packages\django\forms\forms.py", line 177, in is_valid
    return self.is_bound and not self.errors
  File "E:\development\Django\mPdigreeTest\venv\lib\site-packages\django\forms\forms.py", line 172, in errors
    self.full_clean()
  File "E:\development\Django\mPdigreeTest\venv\lib\site-packages\django\forms\forms.py", line 375, in full_clean
    self._clean_form()
  File "E:\development\Django\mPdigreeTest\venv\lib\site-packages\django\forms\forms.py", line 402, in _clean_form
    cleaned_data = self.clean()
  File "E:\development\Django\mPdigreeTest\employeeSystem\employees\forms.py", line 82, in clean
    for row in list(iter_rows(sheet))[1:]:
NameError: name 'iter_rows' is not defined
"POST /employees/add-bulk HTTP/1.1" 500 87465
E:\development\Django\mPdigreeTest\employeeSystem\employees\forms.py changed, reloading.
Watching for file changes with StatReloader
E:\development\Django\mPdigreeTest\employeeSystem\employees\forms.py changed, reloading.
Watching for file changes with StatReloader
E:\development\Django\mPdigreeTest\employeeSystem\employees\task.py changed, reloading.
Watching for file changes with StatReloader
E:\development\Django\mPdigreeTest\employeeSystem\employees\task.py changed, reloading.
Watching for file changes with StatReloader
"GET /employees/add-bulk HTTP/1.1" 200 4661
"GET /static/css/login.css HTTP/1.1" 304 0
Internal Server Error: /employees/add-bulk
Traceback (most recent call last):
  File "E:\development\Django\mPdigreeTest\venv\lib\site-packages\django\core\handlers\exception.py", line 47, in inner
    response = get_response(request)
  File "E:\development\Django\mPdigreeTest\venv\lib\site-packages\django\core\handlers\base.py", line 179, in _get_response
    response = wrapped_callback(request, *callback_args, **callback_kwargs)
  File "E:\development\Django\mPdigreeTest\employeeSystem\employees\views.py", line 124, in uploadExcelPageView
    createEmployee(row)
  File "E:\development\Django\mPdigreeTest\venv\lib\site-packages\celery\local.py", line 188, in __call__
    return self._get_current_object()(*a, **kw)
  File "E:\development\Django\mPdigreeTest\venv\lib\site-packages\celery\app\task.py", line 388, in __call__
    return self.run(*args, **kwargs)
  File "E:\development\Django\mPdigreeTest\employeeSystem\employees\task.py", line 12, in createEmployee
    logging.info('{}{}'.format())
IndexError: Replacement index 0 out of range for positional args tuple
"POST /employees/add-bulk HTTP/1.1" 500 81148
E:\development\Django\mPdigreeTest\employeeSystem\employees\task.py changed, reloading.
Watching for file changes with StatReloader
E:\development\Django\mPdigreeTest\employeeSystem\employees\task.py changed, reloading.
Watching for file changes with StatReloader
"GET /employees/add-bulk HTTP/1.1" 200 4661
Internal Server Error: /employees/add-bulk
Traceback (most recent call last):
  File "E:\development\Django\mPdigreeTest\venv\lib\site-packages\django\core\handlers\exception.py", line 47, in inner
    response = get_response(request)
  File "E:\development\Django\mPdigreeTest\venv\lib\site-packages\django\core\handlers\base.py", line 179, in _get_response
    response = wrapped_callback(request, *callback_args, **callback_kwargs)
  File "E:\development\Django\mPdigreeTest\employeeSystem\employees\views.py", line 124, in uploadExcelPageView
    createEmployee(row)
  File "E:\development\Django\mPdigreeTest\venv\lib\site-packages\celery\local.py", line 188, in __call__
    return self._get_current_object()(*a, **kw)
  File "E:\development\Django\mPdigreeTest\venv\lib\site-packages\celery\app\task.py", line 388, in __call__
    return self.run(*args, **kwargs)
  File "E:\development\Django\mPdigreeTest\employeeSystem\employees\task.py", line 12, in createEmployee
    Employee.objects.create(first_name = data[0],last_name=data[1],date_of_birth = data[4],date_of_employment = data[5],user_instance = user,position = data[6],salary = data[7])
IndexError: list index out of range
"POST /employees/add-bulk HTTP/1.1" 500 80615
E:\development\Django\mPdigreeTest\employeeSystem\employees\forms.py changed, reloading.
Watching for file changes with StatReloader
E:\development\Django\mPdigreeTest\employeeSystem\employees\forms.py changed, reloading.
Watching for file changes with StatReloader
E:\development\Django\mPdigreeTest\employeeSystem\employees\forms.py changed, reloading.
Watching for file changes with StatReloader
E:\development\Django\mPdigreeTest\employeeSystem\employees\forms.py changed, reloading.
Watching for file changes with StatReloader
E:\development\Django\mPdigreeTest\employeeSystem\employees\forms.py changed, reloading.
Watching for file changes with StatReloader
E:\development\Django\mPdigreeTest\employeeSystem\employees\forms.py changed, reloading.
Watching for file changes with StatReloader
"GET /employees/add-bulk HTTP/1.1" 200 4661
E:\development\Django\mPdigreeTest\employeeSystem\employees\forms.py changed, reloading.
Watching for file changes with StatReloader
E:\development\Django\mPdigreeTest\employeeSystem\employees\views.py changed, reloading.
Watching for file changes with StatReloader
E:\development\Django\mPdigreeTest\employeeSystem\employees\views.py changed, reloading.
Watching for file changes with StatReloader
E:\development\Django\mPdigreeTest\employeeSystem\employees\views.py changed, reloading.
Watching for file changes with StatReloader
Watching for file changes with StatReloader
Watching for file changes with StatReloader
Watching for file changes with StatReloader
"GET / HTTP/1.1" 200 2246
"GET /static/css/base.css HTTP/1.1" 304 0
Watching for file changes with StatReloader
"GET /auth/login HTTP/1.1" 200 2918
"GET /static/css/login.css HTTP/1.1" 304 0
"POST /auth/login HTTP/1.1" 302 0
"GET /auth/congrats HTTP/1.1" 200 3619
"GET / HTTP/1.1" 200 4432
"GET /static/css/home.css HTTP/1.1" 304 0
"GET /logs HTTP/1.1" 200 3565
"GET /static/images/not_found.png HTTP/1.1" 304 0
"GET /employees/add-bulk HTTP/1.1" 200 4661
"POST /employees/add-bulk HTTP/1.1" 302 0
"GET /employees HTTP/1.1" 301 0
"GET /employees/ HTTP/1.1" 200 6232
"GET / HTTP/1.1" 200 4432
"GET /static/css/imployee.css HTTP/1.1" 304 0
"GET /employees/add-bulk HTTP/1.1" 200 4661
Internal Server Error: /employees/add-bulk
Traceback (most recent call last):
  File "E:\development\Django\mPdigreeTest\venv\lib\site-packages\django\db\backends\utils.py", line 84, in _execute
    return self.cursor.execute(sql, params)
  File "E:\development\Django\mPdigreeTest\venv\lib\site-packages\django\db\backends\sqlite3\base.py", line 413, in execute
    return Database.Cursor.execute(self, query, params)
sqlite3.IntegrityError: UNIQUE constraint failed: users_user.email

The above exception was the direct cause of the following exception:

Traceback (most recent call last):
  File "E:\development\Django\mPdigreeTest\venv\lib\site-packages\django\core\handlers\exception.py", line 47, in inner
    response = get_response(request)
  File "E:\development\Django\mPdigreeTest\venv\lib\site-packages\django\core\handlers\base.py", line 179, in _get_response
    response = wrapped_callback(request, *callback_args, **callback_kwargs)
  File "E:\development\Django\mPdigreeTest\employeeSystem\employees\views.py", line 124, in uploadExcelPageView
    createEmployee(row)
  File "E:\development\Django\mPdigreeTest\venv\lib\site-packages\celery\local.py", line 188, in __call__
    return self._get_current_object()(*a, **kw)
  File "E:\development\Django\mPdigreeTest\venv\lib\site-packages\celery\app\task.py", line 388, in __call__
    return self.run(*args, **kwargs)
  File "E:\development\Django\mPdigreeTest\employeeSystem\employees\task.py", line 11, in createEmployee
    user = User.objects.create(password = data[3],email = data[2])
  File "E:\development\Django\mPdigreeTest\venv\lib\site-packages\django\db\models\manager.py", line 85, in manager_method
    return getattr(self.get_queryset(), name)(*args, **kwargs)
  File "E:\development\Django\mPdigreeTest\venv\lib\site-packages\django\db\models\query.py", line 447, in create
    obj.save(force_insert=True, using=self.db)
  File "E:\development\Django\mPdigreeTest\venv\lib\site-packages\django\contrib\auth\base_user.py", line 67, in save
    super().save(*args, **kwargs)
  File "E:\development\Django\mPdigreeTest\venv\lib\site-packages\django\db\models\base.py", line 753, in save
    self.save_base(using=using, force_insert=force_insert,
  File "E:\development\Django\mPdigreeTest\venv\lib\site-packages\django\db\models\base.py", line 790, in save_base
    updated = self._save_table(
  File "E:\development\Django\mPdigreeTest\venv\lib\site-packages\django\db\models\base.py", line 895, in _save_table
    results = self._do_insert(cls._base_manager, using, fields, returning_fields, raw)
  File "E:\development\Django\mPdigreeTest\venv\lib\site-packages\django\db\models\base.py", line 933, in _do_insert
    return manager._insert(
  File "E:\development\Django\mPdigreeTest\venv\lib\site-packages\django\db\models\manager.py", line 85, in manager_method
    return getattr(self.get_queryset(), name)(*args, **kwargs)
  File "E:\development\Django\mPdigreeTest\venv\lib\site-packages\django\db\models\query.py", line 1254, in _insert
    return query.get_compiler(using=using).execute_sql(returning_fields)
  File "E:\development\Django\mPdigreeTest\venv\lib\site-packages\django\db\models\sql\compiler.py", line 1397, in execute_sql
    cursor.execute(sql, params)
  File "E:\development\Django\mPdigreeTest\venv\lib\site-packages\django\db\backends\utils.py", line 98, in execute
    return super().execute(sql, params)
  File "E:\development\Django\mPdigreeTest\venv\lib\site-packages\django\db\backends\utils.py", line 66, in execute
    return self._execute_with_wrappers(sql, params, many=False, executor=self._execute)
  File "E:\development\Django\mPdigreeTest\venv\lib\site-packages\django\db\backends\utils.py", line 75, in _execute_with_wrappers
    return executor(sql, params, many, context)
  File "E:\development\Django\mPdigreeTest\venv\lib\site-packages\django\db\backends\utils.py", line 84, in _execute
    return self.cursor.execute(sql, params)
  File "E:\development\Django\mPdigreeTest\venv\lib\site-packages\django\db\utils.py", line 90, in __exit__
    raise dj_exc_value.with_traceback(traceback) from exc_value
  File "E:\development\Django\mPdigreeTest\venv\lib\site-packages\django\db\backends\utils.py", line 84, in _execute
    return self.cursor.execute(sql, params)
  File "E:\development\Django\mPdigreeTest\venv\lib\site-packages\django\db\backends\sqlite3\base.py", line 413, in execute
    return Database.Cursor.execute(self, query, params)
django.db.utils.IntegrityError: UNIQUE constraint failed: users_user.email
"POST /employees/add-bulk HTTP/1.1" 500 175387
E:\development\Django\mPdigreeTest\employeeSystem\employees\task.py changed, reloading.
Watching for file changes with StatReloader
E:\development\Django\mPdigreeTest\employeeSystem\employees\task.py changed, reloading.
Watching for file changes with StatReloader
E:\development\Django\mPdigreeTest\employeeSystem\employees\task.py changed, reloading.
Watching for file changes with StatReloader
E:\development\Django\mPdigreeTest\employeeSystem\employees\task.py changed, reloading.
Watching for file changes with StatReloader
E:\development\Django\mPdigreeTest\employeeSystem\employees\task.py changed, reloading.
Watching for file changes with StatReloader
E:\development\Django\mPdigreeTest\employeeSystem\employees\task.py changed, reloading.
Watching for file changes with StatReloader
E:\development\Django\mPdigreeTest\employeeSystem\employees\task.py changed, reloading.
Watching for file changes with StatReloader
E:\development\Django\mPdigreeTest\employeeSystem\employees\task.py changed, reloading.
Watching for file changes with StatReloader
E:\development\Django\mPdigreeTest\employeeSystem\employees\task.py changed, reloading.
Watching for file changes with StatReloader
E:\development\Django\mPdigreeTest\employeeSystem\employees\task.py changed, reloading.
Watching for file changes with StatReloader
E:\development\Django\mPdigreeTest\employeeSystem\employees\task.py changed, reloading.
Watching for file changes with StatReloader
E:\development\Django\mPdigreeTest\employeeSystem\employees\task.py changed, reloading.
Watching for file changes with StatReloader
E:\development\Django\mPdigreeTest\employeeSystem\employees\task.py changed, reloading.
Watching for file changes with StatReloader
E:\development\Django\mPdigreeTest\employeeSystem\employees\task.py changed, reloading.
Watching for file changes with StatReloader
E:\development\Django\mPdigreeTest\employeeSystem\employees\task.py changed, reloading.
Watching for file changes with StatReloader
E:\development\Django\mPdigreeTest\employeeSystem\employees\task.py changed, reloading.
Watching for file changes with StatReloader
E:\development\Django\mPdigreeTest\employeeSystem\employees\task.py changed, reloading.
Watching for file changes with StatReloader
E:\development\Django\mPdigreeTest\employeeSystem\employees\task.py changed, reloading.
Watching for file changes with StatReloader
E:\development\Django\mPdigreeTest\employeeSystem\employees\task.py changed, reloading.
Watching for file changes with StatReloader
"GET /employees/add-bulk HTTP/1.1" 200 4661
Internal Server Error: /employees/add-bulk
Traceback (most recent call last):
  File "E:\development\Django\mPdigreeTest\venv\lib\site-packages\django\db\backends\utils.py", line 84, in _execute
    return self.cursor.execute(sql, params)
  File "E:\development\Django\mPdigreeTest\venv\lib\site-packages\django\db\backends\sqlite3\base.py", line 413, in execute
    return Database.Cursor.execute(self, query, params)
sqlite3.IntegrityError: UNIQUE constraint failed: users_user.email

The above exception was the direct cause of the following exception:

Traceback (most recent call last):
  File "E:\development\Django\mPdigreeTest\employeeSystem\employees\task.py", line 14, in createEmployee
    user = User.objects.create(password = data[3],email = data[2])
  File "E:\development\Django\mPdigreeTest\venv\lib\site-packages\django\db\models\manager.py", line 85, in manager_method
    return getattr(self.get_queryset(), name)(*args, **kwargs)
  File "E:\development\Django\mPdigreeTest\venv\lib\site-packages\django\db\models\query.py", line 447, in create
    obj.save(force_insert=True, using=self.db)
  File "E:\development\Django\mPdigreeTest\venv\lib\site-packages\django\contrib\auth\base_user.py", line 67, in save
    super().save(*args, **kwargs)
  File "E:\development\Django\mPdigreeTest\venv\lib\site-packages\django\db\models\base.py", line 753, in save
    self.save_base(using=using, force_insert=force_insert,
  File "E:\development\Django\mPdigreeTest\venv\lib\site-packages\django\db\models\base.py", line 790, in save_base
    updated = self._save_table(
  File "E:\development\Django\mPdigreeTest\venv\lib\site-packages\django\db\models\base.py", line 895, in _save_table
    results = self._do_insert(cls._base_manager, using, fields, returning_fields, raw)
  File "E:\development\Django\mPdigreeTest\venv\lib\site-packages\django\db\models\base.py", line 933, in _do_insert
    return manager._insert(
  File "E:\development\Django\mPdigreeTest\venv\lib\site-packages\django\db\models\manager.py", line 85, in manager_method
    return getattr(self.get_queryset(), name)(*args, **kwargs)
  File "E:\development\Django\mPdigreeTest\venv\lib\site-packages\django\db\models\query.py", line 1254, in _insert
    return query.get_compiler(using=using).execute_sql(returning_fields)
  File "E:\development\Django\mPdigreeTest\venv\lib\site-packages\django\db\models\sql\compiler.py", line 1397, in execute_sql
    cursor.execute(sql, params)
  File "E:\development\Django\mPdigreeTest\venv\lib\site-packages\django\db\backends\utils.py", line 98, in execute
    return super().execute(sql, params)
  File "E:\development\Django\mPdigreeTest\venv\lib\site-packages\django\db\backends\utils.py", line 66, in execute
    return self._execute_with_wrappers(sql, params, many=False, executor=self._execute)
  File "E:\development\Django\mPdigreeTest\venv\lib\site-packages\django\db\backends\utils.py", line 75, in _execute_with_wrappers
    return executor(sql, params, many, context)
  File "E:\development\Django\mPdigreeTest\venv\lib\site-packages\django\db\backends\utils.py", line 84, in _execute
    return self.cursor.execute(sql, params)
  File "E:\development\Django\mPdigreeTest\venv\lib\site-packages\django\db\utils.py", line 90, in __exit__
    raise dj_exc_value.with_traceback(traceback) from exc_value
  File "E:\development\Django\mPdigreeTest\venv\lib\site-packages\django\db\backends\utils.py", line 84, in _execute
    return self.cursor.execute(sql, params)
  File "E:\development\Django\mPdigreeTest\venv\lib\site-packages\django\db\backends\sqlite3\base.py", line 413, in execute
    return Database.Cursor.execute(self, query, params)
django.db.utils.IntegrityError: UNIQUE constraint failed: users_user.email

During handling of the above exception, another exception occurred:

Traceback (most recent call last):
  File "E:\development\Django\mPdigreeTest\venv\lib\site-packages\django\core\handlers\exception.py", line 47, in inner
    response = get_response(request)
  File "E:\development\Django\mPdigreeTest\venv\lib\site-packages\django\core\handlers\base.py", line 179, in _get_response
    response = wrapped_callback(request, *callback_args, **callback_kwargs)
  File "E:\development\Django\mPdigreeTest\employeeSystem\employees\views.py", line 124, in uploadExcelPageView
    createEmployee(row)
  File "E:\development\Django\mPdigreeTest\venv\lib\site-packages\celery\local.py", line 188, in __call__
    return self._get_current_object()(*a, **kw)
  File "E:\development\Django\mPdigreeTest\venv\lib\site-packages\celery\app\task.py", line 388, in __call__
    return self.run(*args, **kwargs)
  File "E:\development\Django\mPdigreeTest\employeeSystem\employees\task.py", line 16, in createEmployee
    except IntegrityError:
NameError: name 'IntegrityError' is not defined
"POST /employees/add-bulk HTTP/1.1" 500 179449
E:\development\Django\mPdigreeTest\employeeSystem\employees\task.py changed, reloading.
Watching for file changes with StatReloader
"GET /employees/add-bulk HTTP/1.1" 200 4661
Internal Server Error: /employees/add-bulk
Traceback (most recent call last):
  File "E:\development\Django\mPdigreeTest\venv\lib\site-packages\django\db\backends\utils.py", line 84, in _execute
    return self.cursor.execute(sql, params)
  File "E:\development\Django\mPdigreeTest\venv\lib\site-packages\django\db\backends\sqlite3\base.py", line 413, in execute
    return Database.Cursor.execute(self, query, params)
sqlite3.IntegrityError: UNIQUE constraint failed: users_user.email

The above exception was the direct cause of the following exception:

Traceback (most recent call last):
  File "E:\development\Django\mPdigreeTest\employeeSystem\employees\task.py", line 14, in createEmployee
    user = User.objects.create(password = data[3],email = data[2])
  File "E:\development\Django\mPdigreeTest\venv\lib\site-packages\django\db\models\manager.py", line 85, in manager_method
    return getattr(self.get_queryset(), name)(*args, **kwargs)
  File "E:\development\Django\mPdigreeTest\venv\lib\site-packages\django\db\models\query.py", line 447, in create
    obj.save(force_insert=True, using=self.db)
  File "E:\development\Django\mPdigreeTest\venv\lib\site-packages\django\contrib\auth\base_user.py", line 67, in save
    super().save(*args, **kwargs)
  File "E:\development\Django\mPdigreeTest\venv\lib\site-packages\django\db\models\base.py", line 753, in save
    self.save_base(using=using, force_insert=force_insert,
  File "E:\development\Django\mPdigreeTest\venv\lib\site-packages\django\db\models\base.py", line 790, in save_base
    updated = self._save_table(
  File "E:\development\Django\mPdigreeTest\venv\lib\site-packages\django\db\models\base.py", line 895, in _save_table
    results = self._do_insert(cls._base_manager, using, fields, returning_fields, raw)
  File "E:\development\Django\mPdigreeTest\venv\lib\site-packages\django\db\models\base.py", line 933, in _do_insert
    return manager._insert(
  File "E:\development\Django\mPdigreeTest\venv\lib\site-packages\django\db\models\manager.py", line 85, in manager_method
    return getattr(self.get_queryset(), name)(*args, **kwargs)
  File "E:\development\Django\mPdigreeTest\venv\lib\site-packages\django\db\models\query.py", line 1254, in _insert
    return query.get_compiler(using=using).execute_sql(returning_fields)
  File "E:\development\Django\mPdigreeTest\venv\lib\site-packages\django\db\models\sql\compiler.py", line 1397, in execute_sql
    cursor.execute(sql, params)
  File "E:\development\Django\mPdigreeTest\venv\lib\site-packages\django\db\backends\utils.py", line 98, in execute
    return super().execute(sql, params)
  File "E:\development\Django\mPdigreeTest\venv\lib\site-packages\django\db\backends\utils.py", line 66, in execute
    return self._execute_with_wrappers(sql, params, many=False, executor=self._execute)
  File "E:\development\Django\mPdigreeTest\venv\lib\site-packages\django\db\backends\utils.py", line 75, in _execute_with_wrappers
    return executor(sql, params, many, context)
  File "E:\development\Django\mPdigreeTest\venv\lib\site-packages\django\db\backends\utils.py", line 84, in _execute
    return self.cursor.execute(sql, params)
  File "E:\development\Django\mPdigreeTest\venv\lib\site-packages\django\db\utils.py", line 90, in __exit__
    raise dj_exc_value.with_traceback(traceback) from exc_value
  File "E:\development\Django\mPdigreeTest\venv\lib\site-packages\django\db\backends\utils.py", line 84, in _execute
    return self.cursor.execute(sql, params)
  File "E:\development\Django\mPdigreeTest\venv\lib\site-packages\django\db\backends\sqlite3\base.py", line 413, in execute
    return Database.Cursor.execute(self, query, params)
django.db.utils.IntegrityError: UNIQUE constraint failed: users_user.email

During handling of the above exception, another exception occurred:

Traceback (most recent call last):
  File "E:\development\Django\mPdigreeTest\venv\lib\site-packages\django\core\handlers\exception.py", line 47, in inner
    response = get_response(request)
  File "E:\development\Django\mPdigreeTest\venv\lib\site-packages\django\core\handlers\base.py", line 179, in _get_response
    response = wrapped_callback(request, *callback_args, **callback_kwargs)
  File "E:\development\Django\mPdigreeTest\employeeSystem\employees\views.py", line 124, in uploadExcelPageView
    createEmployee(row)
  File "E:\development\Django\mPdigreeTest\venv\lib\site-packages\celery\local.py", line 188, in __call__
    return self._get_current_object()(*a, **kw)
  File "E:\development\Django\mPdigreeTest\venv\lib\site-packages\celery\app\task.py", line 388, in __call__
    return self.run(*args, **kwargs)
  File "E:\development\Django\mPdigreeTest\employeeSystem\employees\task.py", line 17, in createEmployee
    logging.ERROR('Failed to create user because of integrity error')
TypeError: 'int' object is not callable
"POST /employees/add-bulk HTTP/1.1" 500 179313
E:\development\Django\mPdigreeTest\employeeSystem\employees\task.py changed, reloading.
Watching for file changes with StatReloader
E:\development\Django\mPdigreeTest\employeeSystem\employees\task.py changed, reloading.
Watching for file changes with StatReloader
E:\development\Django\mPdigreeTest\employeeSystem\employees\task.py changed, reloading.
Watching for file changes with StatReloader
E:\development\Django\mPdigreeTest\employeeSystem\employees\task.py changed, reloading.
Watching for file changes with StatReloader
E:\development\Django\mPdigreeTest\employeeSystem\employees\task.py changed, reloading.
Watching for file changes with StatReloader
E:\development\Django\mPdigreeTest\employeeSystem\employees\task.py changed, reloading.
Watching for file changes with StatReloader
E:\development\Django\mPdigreeTest\employeeSystem\employees\task.py changed, reloading.
Watching for file changes with StatReloader
E:\development\Django\mPdigreeTest\employeeSystem\employees\task.py changed, reloading.
Watching for file changes with StatReloader
E:\development\Django\mPdigreeTest\employeeSystem\employees\task.py changed, reloading.
Watching for file changes with StatReloader
E:\development\Django\mPdigreeTest\employeeSystem\employees\task.py changed, reloading.
Watching for file changes with StatReloader
E:\development\Django\mPdigreeTest\employeeSystem\employees\task.py changed, reloading.
Watching for file changes with StatReloader
E:\development\Django\mPdigreeTest\employeeSystem\employees\task.py changed, reloading.
Watching for file changes with StatReloader
E:\development\Django\mPdigreeTest\employeeSystem\employees\task.py changed, reloading.
Watching for file changes with StatReloader
E:\development\Django\mPdigreeTest\employeeSystem\employees\task.py changed, reloading.
Watching for file changes with StatReloader
E:\development\Django\mPdigreeTest\employeeSystem\employees\task.py changed, reloading.
Watching for file changes with StatReloader
E:\development\Django\mPdigreeTest\employeeSystem\employees\task.py changed, reloading.
Watching for file changes with StatReloader
E:\development\Django\mPdigreeTest\employeeSystem\employees\task.py changed, reloading.
Watching for file changes with StatReloader
E:\development\Django\mPdigreeTest\employeeSystem\employees\task.py changed, reloading.
Watching for file changes with StatReloader
E:\development\Django\mPdigreeTest\employeeSystem\employees\task.py changed, reloading.
Watching for file changes with StatReloader
E:\development\Django\mPdigreeTest\employeeSystem\employees\task.py changed, reloading.
Watching for file changes with StatReloader
E:\development\Django\mPdigreeTest\employeeSystem\employees\task.py changed, reloading.
Watching for file changes with StatReloader
E:\development\Django\mPdigreeTest\employeeSystem\employees\task.py changed, reloading.
Watching for file changes with StatReloader
E:\development\Django\mPdigreeTest\employeeSystem\employees\task.py changed, reloading.
Watching for file changes with StatReloader
E:\development\Django\mPdigreeTest\employeeSystem\employees\task.py changed, reloading.
Watching for file changes with StatReloader
E:\development\Django\mPdigreeTest\employeeSystem\employees\task.py changed, reloading.
Watching for file changes with StatReloader
E:\development\Django\mPdigreeTest\employeeSystem\employees\task.py changed, reloading.
Watching for file changes with StatReloader
E:\development\Django\mPdigreeTest\employeeSystem\employees\task.py changed, reloading.
Watching for file changes with StatReloader
E:\development\Django\mPdigreeTest\employeeSystem\employees\task.py changed, reloading.
Watching for file changes with StatReloader
E:\development\Django\mPdigreeTest\employeeSystem\employees\task.py changed, reloading.
Watching for file changes with StatReloader
E:\development\Django\mPdigreeTest\employeeSystem\employees\task.py changed, reloading.
Watching for file changes with StatReloader
E:\development\Django\mPdigreeTest\employeeSystem\employees\task.py changed, reloading.
Watching for file changes with StatReloader
E:\development\Django\mPdigreeTest\employeeSystem\employees\task.py changed, reloading.
Watching for file changes with StatReloader
E:\development\Django\mPdigreeTest\employeeSystem\employees\task.py changed, reloading.
Watching for file changes with StatReloader
E:\development\Django\mPdigreeTest\employeeSystem\employees\task.py changed, reloading.
Watching for file changes with StatReloader
E:\development\Django\mPdigreeTest\employeeSystem\employees\task.py changed, reloading.
Watching for file changes with StatReloader
E:\development\Django\mPdigreeTest\employeeSystem\employees\task.py changed, reloading.
Watching for file changes with StatReloader
E:\development\Django\mPdigreeTest\employeeSystem\employees\task.py changed, reloading.
Watching for file changes with StatReloader
E:\development\Django\mPdigreeTest\employeeSystem\employees\task.py changed, reloading.
Watching for file changes with StatReloader
E:\development\Django\mPdigreeTest\employeeSystem\employees\task.py changed, reloading.
Watching for file changes with StatReloader
E:\development\Django\mPdigreeTest\employeeSystem\employees\task.py changed, reloading.
Watching for file changes with StatReloader
E:\development\Django\mPdigreeTest\employeeSystem\employees\task.py changed, reloading.
Watching for file changes with StatReloader
E:\development\Django\mPdigreeTest\employeeSystem\employees\task.py changed, reloading.
Watching for file changes with StatReloader
E:\development\Django\mPdigreeTest\employeeSystem\employees\task.py changed, reloading.
Watching for file changes with StatReloader
E:\development\Django\mPdigreeTest\employeeSystem\employees\task.py changed, reloading.
Watching for file changes with StatReloader
"GET /employees/add-bulk HTTP/1.1" 200 4661
Internal Server Error: /employees/add-bulk
Traceback (most recent call last):
  File "E:\development\Django\mPdigreeTest\venv\lib\site-packages\django\db\backends\utils.py", line 84, in _execute
    return self.cursor.execute(sql, params)
  File "E:\development\Django\mPdigreeTest\venv\lib\site-packages\django\db\backends\sqlite3\base.py", line 413, in execute
    return Database.Cursor.execute(self, query, params)
sqlite3.IntegrityError: UNIQUE constraint failed: users_user.email

The above exception was the direct cause of the following exception:

Traceback (most recent call last):
  File "E:\development\Django\mPdigreeTest\employeeSystem\employees\task.py", line 14, in createEmployee
    user = User.objects.create(password = data[3],email = data[2])
  File "E:\development\Django\mPdigreeTest\venv\lib\site-packages\django\db\models\manager.py", line 85, in manager_method
    return getattr(self.get_queryset(), name)(*args, **kwargs)
  File "E:\development\Django\mPdigreeTest\venv\lib\site-packages\django\db\models\query.py", line 447, in create
    obj.save(force_insert=True, using=self.db)
  File "E:\development\Django\mPdigreeTest\venv\lib\site-packages\django\contrib\auth\base_user.py", line 67, in save
    super().save(*args, **kwargs)
  File "E:\development\Django\mPdigreeTest\venv\lib\site-packages\django\db\models\base.py", line 753, in save
    self.save_base(using=using, force_insert=force_insert,
  File "E:\development\Django\mPdigreeTest\venv\lib\site-packages\django\db\models\base.py", line 790, in save_base
    updated = self._save_table(
  File "E:\development\Django\mPdigreeTest\venv\lib\site-packages\django\db\models\base.py", line 895, in _save_table
    results = self._do_insert(cls._base_manager, using, fields, returning_fields, raw)
  File "E:\development\Django\mPdigreeTest\venv\lib\site-packages\django\db\models\base.py", line 933, in _do_insert
    return manager._insert(
  File "E:\development\Django\mPdigreeTest\venv\lib\site-packages\django\db\models\manager.py", line 85, in manager_method
    return getattr(self.get_queryset(), name)(*args, **kwargs)
  File "E:\development\Django\mPdigreeTest\venv\lib\site-packages\django\db\models\query.py", line 1254, in _insert
    return query.get_compiler(using=using).execute_sql(returning_fields)
  File "E:\development\Django\mPdigreeTest\venv\lib\site-packages\django\db\models\sql\compiler.py", line 1397, in execute_sql
    cursor.execute(sql, params)
  File "E:\development\Django\mPdigreeTest\venv\lib\site-packages\django\db\backends\utils.py", line 98, in execute
    return super().execute(sql, params)
  File "E:\development\Django\mPdigreeTest\venv\lib\site-packages\django\db\backends\utils.py", line 66, in execute
    return self._execute_with_wrappers(sql, params, many=False, executor=self._execute)
  File "E:\development\Django\mPdigreeTest\venv\lib\site-packages\django\db\backends\utils.py", line 75, in _execute_with_wrappers
    return executor(sql, params, many, context)
  File "E:\development\Django\mPdigreeTest\venv\lib\site-packages\django\db\backends\utils.py", line 84, in _execute
    return self.cursor.execute(sql, params)
  File "E:\development\Django\mPdigreeTest\venv\lib\site-packages\django\db\utils.py", line 90, in __exit__
    raise dj_exc_value.with_traceback(traceback) from exc_value
  File "E:\development\Django\mPdigreeTest\venv\lib\site-packages\django\db\backends\utils.py", line 84, in _execute
    return self.cursor.execute(sql, params)
  File "E:\development\Django\mPdigreeTest\venv\lib\site-packages\django\db\backends\sqlite3\base.py", line 413, in execute
    return Database.Cursor.execute(self, query, params)
django.db.utils.IntegrityError: UNIQUE constraint failed: users_user.email

During handling of the above exception, another exception occurred:

Traceback (most recent call last):
  File "E:\development\Django\mPdigreeTest\venv\lib\site-packages\django\core\handlers\exception.py", line 47, in inner
    response = get_response(request)
  File "E:\development\Django\mPdigreeTest\venv\lib\site-packages\django\core\handlers\base.py", line 179, in _get_response
    response = wrapped_callback(request, *callback_args, **callback_kwargs)
  File "E:\development\Django\mPdigreeTest\employeeSystem\employees\views.py", line 124, in uploadExcelPageView
    createEmployee(row)
  File "E:\development\Django\mPdigreeTest\venv\lib\site-packages\celery\local.py", line 188, in __call__
    return self._get_current_object()(*a, **kw)
  File "E:\development\Django\mPdigreeTest\venv\lib\site-packages\celery\app\task.py", line 388, in __call__
    return self.run(*args, **kwargs)
  File "E:\development\Django\mPdigreeTest\employeeSystem\employees\task.py", line 20, in createEmployee
    logging.ERROR('Failed to create user because of integrity error')
TypeError: 'int' object is not callable
"POST /employees/add-bulk HTTP/1.1" 500 179734
Watching for file changes with StatReloader
Watching for file changes with StatReloader
